2024-08-06 14:47:41,231 - WARNING - From C:\Users\aymen\miniconda3\envs\mm\lib\site-packages\tensorflow\python\framework\op_def_library.py:263: colocate_with (from tensorflow.python.framework.ops) is deprecated and will be removed in a future version.
Instructions for updating:
Colocations handled automatically by placer.
2024-08-06 14:47:48,297 - WARNING - From C:\Users\aymen\miniconda3\envs\mm\lib\site-packages\tensorflow\python\ops\math_ops.py:3066: to_int32 (from tensorflow.python.ops.math_ops) is deprecated and will be removed in a future version.
Instructions for updating:
Use tf.cast instead.
2024-08-06 14:47:59,355 - INFO - Starting initializing variables ...
2024-08-06 14:48:02,546 - INFO - Starting epoch ...
2024-08-06 14:48:16,021 - INFO - epoch: 0, itr: 0, nll_tr: 1066.434082, x_tr_loss: 25.384893, a_tr_loss: 0.222113, r_tr_loss: 0.000000, elapsed_time: 13.466696
2024-08-06 14:48:17,368 - INFO - epoch: 0, itr: 1, nll_tr: 1051.822754, x_tr_loss: 25.383860, a_tr_loss: 0.221583, r_tr_loss: 0.000000, elapsed_time: 1.343889
2024-08-06 14:48:18,731 - INFO - epoch: 0, itr: 2, nll_tr: 1052.757324, x_tr_loss: 25.373653, a_tr_loss: 0.207705, r_tr_loss: 0.000000, elapsed_time: 1.363561
2024-08-06 14:48:20,115 - INFO - epoch: 0, itr: 3, nll_tr: 1042.921875, x_tr_loss: 25.368231, a_tr_loss: 0.209124, r_tr_loss: 0.000000, elapsed_time: 1.383691
2024-08-06 14:48:21,522 - INFO - epoch: 0, itr: 4, nll_tr: 1038.725708, x_tr_loss: 25.366251, a_tr_loss: 0.191470, r_tr_loss: 0.000000, elapsed_time: 1.406667
2024-08-06 14:48:22,705 - INFO - epoch: 0, itr: 5, nll_tr: 1034.203125, x_tr_loss: 25.359903, a_tr_loss: 0.195662, r_tr_loss: 0.000000, elapsed_time: 1.182555
2024-08-06 14:48:23,936 - INFO - epoch: 0, itr: 6, nll_tr: 1028.041382, x_tr_loss: 25.353300, a_tr_loss: 0.176923, r_tr_loss: 0.000000, elapsed_time: 1.230151
2024-08-06 14:48:25,201 - INFO - epoch: 0, itr: 7, nll_tr: 1022.476257, x_tr_loss: 25.347906, a_tr_loss: 0.168189, r_tr_loss: 0.000000, elapsed_time: 1.265470
2024-08-06 14:48:26,436 - INFO - epoch: 0, itr: 8, nll_tr: 1023.839905, x_tr_loss: 25.342337, a_tr_loss: 0.168752, r_tr_loss: 0.000000, elapsed_time: 1.235434
2024-08-06 14:48:27,861 - INFO - epoch: 0, itr: 9, nll_tr: 1018.924377, x_tr_loss: 25.333212, a_tr_loss: 0.173271, r_tr_loss: 0.000000, elapsed_time: 1.425035
2024-08-06 14:48:29,139 - INFO - epoch: 0, itr: 10, nll_tr: 1012.889587, x_tr_loss: 25.326384, a_tr_loss: 0.156973, r_tr_loss: 0.000000, elapsed_time: 1.277122
2024-08-06 14:48:30,459 - INFO - epoch: 0, itr: 11, nll_tr: 1014.546448, x_tr_loss: 25.318958, a_tr_loss: 0.152860, r_tr_loss: 0.000000, elapsed_time: 1.320572
2024-08-06 14:48:31,751 - INFO - epoch: 0, itr: 12, nll_tr: 1010.592834, x_tr_loss: 25.314161, a_tr_loss: 0.150897, r_tr_loss: 0.000000, elapsed_time: 1.291569
2024-08-06 14:48:33,243 - INFO - epoch: 0, itr: 13, nll_tr: 1008.435669, x_tr_loss: 25.306080, a_tr_loss: 0.147181, r_tr_loss: 0.000000, elapsed_time: 1.492644
2024-08-06 14:48:34,540 - INFO - epoch: 0, itr: 14, nll_tr: 1005.562073, x_tr_loss: 25.302906, a_tr_loss: 0.148264, r_tr_loss: 0.000000, elapsed_time: 1.296618
2024-08-06 14:48:35,790 - INFO - epoch: 0, itr: 15, nll_tr: 998.708008, x_tr_loss: 25.298166, a_tr_loss: 0.149061, r_tr_loss: 0.000000, elapsed_time: 1.249397
2024-08-06 14:48:37,073 - INFO - epoch: 0, itr: 16, nll_tr: 1001.463440, x_tr_loss: 25.290899, a_tr_loss: 0.137332, r_tr_loss: 0.000000, elapsed_time: 1.282604
2024-08-06 14:48:38,413 - INFO - epoch: 0, itr: 17, nll_tr: 998.146423, x_tr_loss: 25.280020, a_tr_loss: 0.141212, r_tr_loss: 0.000000, elapsed_time: 1.340171
2024-08-06 14:48:39,790 - INFO - epoch: 0, itr: 18, nll_tr: 1000.470398, x_tr_loss: 25.272591, a_tr_loss: 0.142657, r_tr_loss: 0.000000, elapsed_time: 1.376120
2024-08-06 14:48:41,049 - INFO - epoch: 0, itr: 19, nll_tr: 999.392883, x_tr_loss: 25.265366, a_tr_loss: 0.128736, r_tr_loss: 0.000000, elapsed_time: 1.257760
2024-08-06 14:48:42,274 - INFO - epoch: 0, itr: 20, nll_tr: 991.312683, x_tr_loss: 25.260807, a_tr_loss: 0.132069, r_tr_loss: 0.000000, elapsed_time: 1.224168
2024-08-06 14:48:43,531 - INFO - epoch: 0, itr: 21, nll_tr: 997.963684, x_tr_loss: 25.255142, a_tr_loss: 0.137580, r_tr_loss: 0.000000, elapsed_time: 1.256305
2024-08-06 14:48:45,178 - INFO - epoch: 0, itr: 22, nll_tr: 989.840698, x_tr_loss: 25.251402, a_tr_loss: 0.133061, r_tr_loss: 0.000000, elapsed_time: 1.647339
2024-08-06 14:48:46,451 - INFO - epoch: 0, itr: 23, nll_tr: 985.565002, x_tr_loss: 25.245710, a_tr_loss: 0.134943, r_tr_loss: 0.000000, elapsed_time: 1.272852
2024-08-06 14:48:47,725 - INFO - epoch: 0, itr: 24, nll_tr: 986.018738, x_tr_loss: 25.235197, a_tr_loss: 0.123733, r_tr_loss: 0.000000, elapsed_time: 1.273510
2024-08-06 14:48:48,928 - INFO - epoch: 0, itr: 25, nll_tr: 984.908142, x_tr_loss: 25.236296, a_tr_loss: 0.123199, r_tr_loss: 0.000000, elapsed_time: 1.203088
2024-08-06 14:48:50,237 - INFO - epoch: 0, itr: 26, nll_tr: 981.847534, x_tr_loss: 25.230497, a_tr_loss: 0.125157, r_tr_loss: 0.000000, elapsed_time: 1.309114
2024-08-06 14:48:53,472 - INFO - epoch: 0, itr: 27, nll_tr: 979.450378, x_tr_loss: 25.223125, a_tr_loss: 0.117627, r_tr_loss: 0.000000, elapsed_time: 3.234211
2024-08-06 14:48:54,699 - INFO - epoch: 0, itr: 28, nll_tr: 981.332031, x_tr_loss: 25.212334, a_tr_loss: 0.115990, r_tr_loss: 0.000000, elapsed_time: 1.226436
2024-08-06 14:48:56,026 - INFO - epoch: 0, itr: 29, nll_tr: 979.439880, x_tr_loss: 25.211134, a_tr_loss: 0.112191, r_tr_loss: 0.000000, elapsed_time: 1.326090
2024-08-06 14:48:57,321 - INFO - epoch: 0, itr: 30, nll_tr: 979.309875, x_tr_loss: 25.204849, a_tr_loss: 0.125192, r_tr_loss: 0.000000, elapsed_time: 1.293504
2024-08-06 14:48:58,689 - INFO - epoch: 0, itr: 31, nll_tr: 972.523743, x_tr_loss: 25.202612, a_tr_loss: 0.123106, r_tr_loss: 0.000000, elapsed_time: 1.366963
2024-08-06 14:49:00,090 - INFO - epoch: 0, itr: 32, nll_tr: 981.812073, x_tr_loss: 25.196196, a_tr_loss: 0.117762, r_tr_loss: 0.000000, elapsed_time: 1.400674
2024-08-06 14:49:01,388 - INFO - epoch: 0, itr: 33, nll_tr: 976.751343, x_tr_loss: 25.190342, a_tr_loss: 0.117613, r_tr_loss: 0.000000, elapsed_time: 1.297333
2024-08-06 14:49:02,577 - INFO - epoch: 0, itr: 34, nll_tr: 974.597656, x_tr_loss: 25.185135, a_tr_loss: 0.115890, r_tr_loss: 0.000000, elapsed_time: 1.187460
2024-08-06 14:49:03,843 - INFO - epoch: 0, itr: 35, nll_tr: 972.709045, x_tr_loss: 25.183851, a_tr_loss: 0.111761, r_tr_loss: 0.000000, elapsed_time: 1.266320
2024-08-06 14:49:05,157 - INFO - epoch: 0, itr: 36, nll_tr: 962.911316, x_tr_loss: 25.181376, a_tr_loss: 0.114091, r_tr_loss: 0.000000, elapsed_time: 1.314433
2024-08-06 14:49:06,421 - INFO - epoch: 0, itr: 37, nll_tr: 965.343872, x_tr_loss: 25.177652, a_tr_loss: 0.107544, r_tr_loss: 0.000000, elapsed_time: 1.262068
2024-08-06 14:49:07,626 - INFO - epoch: 0, itr: 38, nll_tr: 971.871277, x_tr_loss: 25.170288, a_tr_loss: 0.108777, r_tr_loss: 0.000000, elapsed_time: 1.204305
2024-08-06 14:49:08,738 - INFO - epoch: 0, itr: 39, nll_tr: 966.838074, x_tr_loss: 25.166616, a_tr_loss: 0.112481, r_tr_loss: 0.000000, elapsed_time: 1.111358
2024-08-06 14:49:09,772 - INFO - epoch: 0, itr: 40, nll_tr: 960.208923, x_tr_loss: 25.164009, a_tr_loss: 0.112028, r_tr_loss: 0.000000, elapsed_time: 1.033427
2024-08-06 14:49:10,815 - INFO - epoch: 0, itr: 41, nll_tr: 960.793335, x_tr_loss: 25.156979, a_tr_loss: 0.110824, r_tr_loss: 0.000000, elapsed_time: 1.042994
2024-08-06 14:49:11,992 - INFO - epoch: 0, itr: 42, nll_tr: 962.264526, x_tr_loss: 25.153765, a_tr_loss: 0.113070, r_tr_loss: 0.000000, elapsed_time: 1.176638
2024-08-06 14:49:13,254 - INFO - epoch: 0, itr: 43, nll_tr: 960.257690, x_tr_loss: 25.149155, a_tr_loss: 0.097235, r_tr_loss: 0.000000, elapsed_time: 1.261346
2024-08-06 14:49:14,518 - INFO - epoch: 0, itr: 44, nll_tr: 959.111023, x_tr_loss: 25.143389, a_tr_loss: 0.102291, r_tr_loss: 0.000000, elapsed_time: 1.264291
2024-08-06 14:49:15,782 - INFO - epoch: 0, itr: 45, nll_tr: 959.694214, x_tr_loss: 25.141741, a_tr_loss: 0.099216, r_tr_loss: 0.000000, elapsed_time: 1.262326
2024-08-06 14:49:16,995 - INFO - epoch: 0, itr: 46, nll_tr: 955.724365, x_tr_loss: 25.135490, a_tr_loss: 0.101266, r_tr_loss: 0.000000, elapsed_time: 1.212294
2024-08-06 14:49:18,266 - INFO - epoch: 0, itr: 47, nll_tr: 954.293823, x_tr_loss: 25.132130, a_tr_loss: 0.099012, r_tr_loss: 0.000000, elapsed_time: 1.270862
2024-08-06 14:49:19,355 - INFO - epoch: 0, itr: 48, nll_tr: 953.995728, x_tr_loss: 25.127707, a_tr_loss: 0.100642, r_tr_loss: 0.000000, elapsed_time: 1.087241
2024-08-06 14:49:20,361 - INFO - epoch: 0, itr: 49, nll_tr: 953.880005, x_tr_loss: 25.122725, a_tr_loss: 0.105543, r_tr_loss: 0.000000, elapsed_time: 1.004898
2024-08-06 14:49:21,473 - INFO - epoch: 0, itr: 50, nll_tr: 953.140930, x_tr_loss: 25.119482, a_tr_loss: 0.104248, r_tr_loss: 0.000000, elapsed_time: 1.111606
2024-08-06 14:49:24,089 - INFO - epoch: 0, itr: 51, nll_tr: 956.368103, x_tr_loss: 25.117144, a_tr_loss: 0.099753, r_tr_loss: 0.000000, elapsed_time: 2.616767
2024-08-06 14:49:25,253 - INFO - epoch: 0, itr: 52, nll_tr: 957.817749, x_tr_loss: 25.117826, a_tr_loss: 0.101972, r_tr_loss: 0.000000, elapsed_time: 1.163601
2024-08-06 14:49:26,399 - INFO - epoch: 0, itr: 53, nll_tr: 945.088562, x_tr_loss: 25.116436, a_tr_loss: 0.101526, r_tr_loss: 0.000000, elapsed_time: 1.145332
2024-08-06 14:49:27,571 - INFO - epoch: 0, itr: 54, nll_tr: 951.367188, x_tr_loss: 25.114752, a_tr_loss: 0.102561, r_tr_loss: 0.000000, elapsed_time: 1.170048
2024-08-06 14:49:28,710 - INFO - epoch: 0, itr: 55, nll_tr: 946.577209, x_tr_loss: 25.111898, a_tr_loss: 0.099075, r_tr_loss: 0.000000, elapsed_time: 1.138694
2024-08-06 14:49:29,845 - INFO - epoch: 0, itr: 56, nll_tr: 944.246765, x_tr_loss: 25.110132, a_tr_loss: 0.101739, r_tr_loss: 0.000000, elapsed_time: 1.135190
2024-08-06 14:49:31,002 - INFO - epoch: 0, itr: 57, nll_tr: 946.210327, x_tr_loss: 25.108961, a_tr_loss: 0.097598, r_tr_loss: 0.000000, elapsed_time: 1.157448
2024-08-06 14:49:32,114 - INFO - epoch: 0, itr: 58, nll_tr: 952.367065, x_tr_loss: 25.109934, a_tr_loss: 0.099489, r_tr_loss: 0.000000, elapsed_time: 1.110319
2024-08-06 14:49:33,289 - INFO - epoch: 0, itr: 59, nll_tr: 949.141052, x_tr_loss: 25.108829, a_tr_loss: 0.097661, r_tr_loss: 0.000000, elapsed_time: 1.175551
2024-08-06 14:49:34,531 - INFO - epoch: 0, itr: 60, nll_tr: 947.976929, x_tr_loss: 25.109196, a_tr_loss: 0.088862, r_tr_loss: 0.000000, elapsed_time: 1.241957
2024-08-06 14:49:35,686 - INFO - epoch: 0, itr: 61, nll_tr: 945.619263, x_tr_loss: 25.109634, a_tr_loss: 0.096670, r_tr_loss: 0.000000, elapsed_time: 1.154355
2024-08-06 14:49:36,864 - INFO - epoch: 0, itr: 62, nll_tr: 944.356812, x_tr_loss: 25.109266, a_tr_loss: 0.091734, r_tr_loss: 0.000000, elapsed_time: 1.177497
2024-08-06 14:49:38,109 - INFO - epoch: 0, itr: 63, nll_tr: 944.514343, x_tr_loss: 25.109213, a_tr_loss: 0.092268, r_tr_loss: 0.000000, elapsed_time: 1.244478
2024-08-06 14:49:39,439 - INFO - epoch: 0, itr: 64, nll_tr: 939.258179, x_tr_loss: 25.109234, a_tr_loss: 0.093120, r_tr_loss: 0.000000, elapsed_time: 1.329948
2024-08-06 14:49:40,706 - INFO - epoch: 0, itr: 65, nll_tr: 942.750366, x_tr_loss: 25.105659, a_tr_loss: 0.087447, r_tr_loss: 0.000000, elapsed_time: 1.266225
2024-08-06 14:49:41,856 - INFO - epoch: 0, itr: 66, nll_tr: 944.701965, x_tr_loss: 25.106913, a_tr_loss: 0.084784, r_tr_loss: 0.000000, elapsed_time: 1.149220
2024-08-06 14:49:43,180 - INFO - epoch: 0, itr: 67, nll_tr: 937.160156, x_tr_loss: 25.105364, a_tr_loss: 0.092210, r_tr_loss: 0.000000, elapsed_time: 1.322504
2024-08-06 14:49:44,383 - INFO - epoch: 0, itr: 68, nll_tr: 937.560974, x_tr_loss: 25.103971, a_tr_loss: 0.094639, r_tr_loss: 0.000000, elapsed_time: 1.202372
2024-08-06 14:49:45,587 - INFO - epoch: 0, itr: 69, nll_tr: 932.562988, x_tr_loss: 25.105612, a_tr_loss: 0.088394, r_tr_loss: 0.000000, elapsed_time: 1.204053
2024-08-06 14:49:46,848 - INFO - epoch: 0, itr: 70, nll_tr: 934.970276, x_tr_loss: 25.108345, a_tr_loss: 0.088445, r_tr_loss: 0.000000, elapsed_time: 1.260253
2024-08-06 14:49:48,116 - INFO - epoch: 0, itr: 71, nll_tr: 938.178589, x_tr_loss: 25.112345, a_tr_loss: 0.089633, r_tr_loss: 0.000000, elapsed_time: 1.267841
2024-08-06 14:49:49,515 - INFO - epoch: 0, itr: 72, nll_tr: 932.308044, x_tr_loss: 25.115791, a_tr_loss: 0.085670, r_tr_loss: 0.000000, elapsed_time: 1.398893
2024-08-06 14:49:50,843 - INFO - epoch: 0, itr: 73, nll_tr: 933.512878, x_tr_loss: 25.121733, a_tr_loss: 0.085132, r_tr_loss: 0.000000, elapsed_time: 1.328499
2024-08-06 14:49:52,232 - INFO - epoch: 0, itr: 74, nll_tr: 934.714355, x_tr_loss: 25.125753, a_tr_loss: 0.086924, r_tr_loss: 0.000000, elapsed_time: 1.388003
2024-08-06 14:49:53,671 - INFO - epoch: 0, itr: 75, nll_tr: 933.162048, x_tr_loss: 25.130859, a_tr_loss: 0.087501, r_tr_loss: 0.000000, elapsed_time: 1.439195
2024-08-06 14:49:54,858 - INFO - epoch: 0, itr: 76, nll_tr: 932.831360, x_tr_loss: 25.134600, a_tr_loss: 0.086788, r_tr_loss: 0.000000, elapsed_time: 1.186183
2024-08-06 14:49:56,207 - INFO - epoch: 0, itr: 77, nll_tr: 928.323181, x_tr_loss: 25.140125, a_tr_loss: 0.085250, r_tr_loss: 0.000000, elapsed_time: 1.348810
2024-08-06 14:49:57,522 - INFO - epoch: 0, itr: 78, nll_tr: 930.955139, x_tr_loss: 25.144197, a_tr_loss: 0.083793, r_tr_loss: 0.000000, elapsed_time: 1.313527
2024-08-06 14:49:58,811 - INFO - epoch: 0, itr: 79, nll_tr: 930.889343, x_tr_loss: 25.147739, a_tr_loss: 0.079230, r_tr_loss: 0.000000, elapsed_time: 1.289595
2024-08-06 14:50:00,094 - INFO - epoch: 0, itr: 80, nll_tr: 926.057373, x_tr_loss: 25.152311, a_tr_loss: 0.079336, r_tr_loss: 0.000000, elapsed_time: 1.282189
2024-08-06 14:50:01,368 - INFO - epoch: 0, itr: 81, nll_tr: 925.868225, x_tr_loss: 25.156746, a_tr_loss: 0.083707, r_tr_loss: 0.000000, elapsed_time: 1.273932
2024-08-06 14:50:02,729 - INFO - epoch: 0, itr: 82, nll_tr: 924.260254, x_tr_loss: 25.159746, a_tr_loss: 0.085668, r_tr_loss: 0.000000, elapsed_time: 1.359515
2024-08-06 14:50:03,996 - INFO - epoch: 0, itr: 83, nll_tr: 926.659241, x_tr_loss: 25.163094, a_tr_loss: 0.083550, r_tr_loss: 0.000000, elapsed_time: 1.265111
2024-08-06 14:50:05,365 - INFO - epoch: 0, itr: 84, nll_tr: 924.377686, x_tr_loss: 25.167692, a_tr_loss: 0.076611, r_tr_loss: 0.000000, elapsed_time: 1.369542
2024-08-06 14:50:06,765 - INFO - epoch: 0, itr: 85, nll_tr: 925.406982, x_tr_loss: 25.172136, a_tr_loss: 0.083775, r_tr_loss: 0.000000, elapsed_time: 1.400291
2024-08-06 14:50:08,381 - INFO - epoch: 0, itr: 86, nll_tr: 922.107910, x_tr_loss: 25.184746, a_tr_loss: 0.077667, r_tr_loss: 0.000000, elapsed_time: 1.614526
2024-08-06 14:50:09,751 - INFO - epoch: 0, itr: 87, nll_tr: 923.140930, x_tr_loss: 25.200449, a_tr_loss: 0.081060, r_tr_loss: 0.000000, elapsed_time: 1.370091
2024-08-06 14:50:11,391 - INFO - epoch: 0, itr: 88, nll_tr: 923.041199, x_tr_loss: 25.211868, a_tr_loss: 0.077446, r_tr_loss: 0.000000, elapsed_time: 1.639730
2024-08-06 14:50:12,552 - INFO - epoch: 0, itr: 89, nll_tr: 921.681946, x_tr_loss: 25.219112, a_tr_loss: 0.076510, r_tr_loss: 0.000000, elapsed_time: 1.160968
2024-08-06 14:50:13,909 - INFO - epoch: 0, itr: 90, nll_tr: 922.222900, x_tr_loss: 25.226538, a_tr_loss: 0.078314, r_tr_loss: 0.000000, elapsed_time: 1.357007
2024-08-06 14:50:15,412 - INFO - epoch: 0, itr: 91, nll_tr: 918.955383, x_tr_loss: 25.229607, a_tr_loss: 0.082406, r_tr_loss: 0.000000, elapsed_time: 1.501223
2024-08-06 14:50:16,675 - INFO - epoch: 0, itr: 92, nll_tr: 921.730652, x_tr_loss: 25.238194, a_tr_loss: 0.083213, r_tr_loss: 0.000000, elapsed_time: 1.263348
2024-08-06 14:50:18,141 - INFO - epoch: 0, itr: 93, nll_tr: 920.200134, x_tr_loss: 25.247105, a_tr_loss: 0.079380, r_tr_loss: 0.000000, elapsed_time: 1.464202
2024-08-06 14:50:19,414 - INFO - epoch: 0, itr: 94, nll_tr: 919.674255, x_tr_loss: 25.258299, a_tr_loss: 0.075539, r_tr_loss: 0.000000, elapsed_time: 1.273113
2024-08-06 14:50:21,574 - INFO - epoch: 0, itr: 95, nll_tr: 918.388672, x_tr_loss: 25.266817, a_tr_loss: 0.077545, r_tr_loss: 0.000000, elapsed_time: 2.160176
2024-08-06 14:50:22,801 - INFO - epoch: 0, itr: 96, nll_tr: 922.008972, x_tr_loss: 25.275152, a_tr_loss: 0.077382, r_tr_loss: 0.000000, elapsed_time: 1.225947
2024-08-06 14:50:24,170 - INFO - epoch: 0, itr: 97, nll_tr: 913.779236, x_tr_loss: 25.281937, a_tr_loss: 0.069110, r_tr_loss: 0.000000, elapsed_time: 1.367727
2024-08-06 14:50:25,694 - INFO - epoch: 0, itr: 98, nll_tr: 912.803833, x_tr_loss: 25.288330, a_tr_loss: 0.076263, r_tr_loss: 0.000000, elapsed_time: 1.522832
2024-08-06 14:50:27,568 - INFO - epoch: 0, itr: 99, nll_tr: 913.060242, x_tr_loss: 25.293669, a_tr_loss: 0.074938, r_tr_loss: 0.000000, elapsed_time: 1.873287
2024-08-06 14:50:29,006 - INFO - epoch: 0, itr: 100, nll_tr: 916.923523, x_tr_loss: 25.306091, a_tr_loss: 0.072177, r_tr_loss: 0.000000, elapsed_time: 1.437558
2024-08-06 14:50:32,296 - INFO - epoch: 0, itr: 101, nll_tr: 914.886719, x_tr_loss: 25.313755, a_tr_loss: 0.079348, r_tr_loss: 0.000000, elapsed_time: 3.261019
2024-08-06 14:50:33,914 - INFO - epoch: 0, itr: 102, nll_tr: 906.529846, x_tr_loss: 25.322149, a_tr_loss: 0.072879, r_tr_loss: 0.000000, elapsed_time: 1.617740
2024-08-06 14:50:35,418 - INFO - epoch: 0, itr: 103, nll_tr: 913.685791, x_tr_loss: 25.332945, a_tr_loss: 0.075676, r_tr_loss: 0.000000, elapsed_time: 1.502928
2024-08-06 14:50:36,975 - INFO - epoch: 0, itr: 104, nll_tr: 910.713013, x_tr_loss: 25.341551, a_tr_loss: 0.074076, r_tr_loss: 0.000000, elapsed_time: 1.556229
2024-08-06 14:50:38,672 - INFO - epoch: 0, itr: 105, nll_tr: 909.660522, x_tr_loss: 25.352188, a_tr_loss: 0.076226, r_tr_loss: 0.000000, elapsed_time: 1.695076
2024-08-06 14:50:40,284 - INFO - epoch: 0, itr: 106, nll_tr: 906.372986, x_tr_loss: 25.364882, a_tr_loss: 0.077555, r_tr_loss: 0.000000, elapsed_time: 1.612775
2024-08-06 14:50:42,007 - INFO - epoch: 0, itr: 107, nll_tr: 906.466248, x_tr_loss: 25.374296, a_tr_loss: 0.071558, r_tr_loss: 0.000000, elapsed_time: 1.721575
2024-08-06 14:50:43,477 - INFO - epoch: 0, itr: 108, nll_tr: 902.259033, x_tr_loss: 25.384991, a_tr_loss: 0.074657, r_tr_loss: 0.000000, elapsed_time: 1.469026
2024-08-06 14:50:44,976 - INFO - epoch: 0, itr: 109, nll_tr: 901.787231, x_tr_loss: 25.392073, a_tr_loss: 0.070024, r_tr_loss: 0.000000, elapsed_time: 1.499712
2024-08-06 14:50:46,438 - INFO - epoch: 0, itr: 110, nll_tr: 899.961121, x_tr_loss: 25.400154, a_tr_loss: 0.071204, r_tr_loss: 0.000000, elapsed_time: 1.461674
2024-08-06 14:50:48,010 - INFO - epoch: 0, itr: 111, nll_tr: 904.901794, x_tr_loss: 25.404551, a_tr_loss: 0.071195, r_tr_loss: 0.000000, elapsed_time: 1.571198
2024-08-06 14:50:49,568 - INFO - epoch: 0, itr: 112, nll_tr: 897.813354, x_tr_loss: 25.411865, a_tr_loss: 0.072768, r_tr_loss: 0.000000, elapsed_time: 1.556968
2024-08-06 14:50:51,230 - INFO - epoch: 0, itr: 113, nll_tr: 900.957642, x_tr_loss: 25.423002, a_tr_loss: 0.069477, r_tr_loss: 0.000000, elapsed_time: 1.661878
2024-08-06 14:50:52,697 - INFO - epoch: 0, itr: 114, nll_tr: 898.319275, x_tr_loss: 25.438736, a_tr_loss: 0.068601, r_tr_loss: 0.000000, elapsed_time: 1.467213
2024-08-06 14:50:54,294 - INFO - epoch: 0, itr: 115, nll_tr: 904.312744, x_tr_loss: 25.452604, a_tr_loss: 0.070593, r_tr_loss: 0.000000, elapsed_time: 1.595852
2024-08-06 14:50:55,913 - INFO - epoch: 0, itr: 116, nll_tr: 905.667725, x_tr_loss: 25.470289, a_tr_loss: 0.068521, r_tr_loss: 0.000000, elapsed_time: 1.619159
2024-08-06 14:50:58,219 - INFO - epoch: 0, itr: 117, nll_tr: 901.558960, x_tr_loss: 25.485416, a_tr_loss: 0.066646, r_tr_loss: 0.000000, elapsed_time: 2.305521
2024-08-06 14:50:59,779 - INFO - epoch: 0, itr: 118, nll_tr: 895.895630, x_tr_loss: 25.497408, a_tr_loss: 0.068606, r_tr_loss: 0.000000, elapsed_time: 1.559519
2024-08-06 14:51:01,578 - INFO - epoch: 0, itr: 119, nll_tr: 892.152161, x_tr_loss: 25.512188, a_tr_loss: 0.065303, r_tr_loss: 0.000000, elapsed_time: 1.798820
2024-08-06 14:51:03,288 - INFO - epoch: 0, itr: 120, nll_tr: 893.019653, x_tr_loss: 25.530201, a_tr_loss: 0.069898, r_tr_loss: 0.000000, elapsed_time: 1.709460
2024-08-06 14:51:04,930 - INFO - epoch: 0, itr: 121, nll_tr: 887.028198, x_tr_loss: 25.541094, a_tr_loss: 0.067560, r_tr_loss: 0.000000, elapsed_time: 1.642719
2024-08-06 14:51:06,396 - INFO - epoch: 0, itr: 122, nll_tr: 884.994202, x_tr_loss: 25.554422, a_tr_loss: 0.068103, r_tr_loss: 0.000000, elapsed_time: 1.465566
2024-08-06 14:51:07,969 - INFO - epoch: 0, itr: 123, nll_tr: 894.461914, x_tr_loss: 25.571417, a_tr_loss: 0.067154, r_tr_loss: 0.000000, elapsed_time: 1.572649
2024-08-06 14:51:09,873 - INFO - epoch: 0, itr: 124, nll_tr: 888.154175, x_tr_loss: 25.586250, a_tr_loss: 0.068305, r_tr_loss: 0.000000, elapsed_time: 1.902265
2024-08-06 14:51:11,912 - INFO - epoch: 0, itr: 125, nll_tr: 888.359314, x_tr_loss: 25.605030, a_tr_loss: 0.063846, r_tr_loss: 0.000000, elapsed_time: 2.039599
2024-08-06 14:51:13,291 - INFO - epoch: 0, itr: 126, nll_tr: 882.834656, x_tr_loss: 25.610456, a_tr_loss: 0.065544, r_tr_loss: 0.000000, elapsed_time: 1.378976
2024-08-06 14:51:14,740 - INFO - epoch: 0, itr: 127, nll_tr: 887.431641, x_tr_loss: 25.632757, a_tr_loss: 0.062199, r_tr_loss: 0.000000, elapsed_time: 1.448400
2024-08-06 14:51:16,018 - INFO - epoch: 0, itr: 128, nll_tr: 887.697083, x_tr_loss: 25.648136, a_tr_loss: 0.068390, r_tr_loss: 0.000000, elapsed_time: 1.278037
2024-08-06 14:51:17,371 - INFO - epoch: 0, itr: 129, nll_tr: 887.191284, x_tr_loss: 25.669981, a_tr_loss: 0.067385, r_tr_loss: 0.000000, elapsed_time: 1.353053
2024-08-06 14:51:18,702 - INFO - epoch: 0, itr: 130, nll_tr: 878.578247, x_tr_loss: 25.692768, a_tr_loss: 0.065296, r_tr_loss: 0.000000, elapsed_time: 1.330509
2024-08-06 14:51:19,929 - INFO - epoch: 0, itr: 131, nll_tr: 884.242981, x_tr_loss: 25.697592, a_tr_loss: 0.063664, r_tr_loss: 0.000000, elapsed_time: 1.227318
2024-08-06 14:51:21,273 - INFO - epoch: 0, itr: 132, nll_tr: 879.856995, x_tr_loss: 25.713362, a_tr_loss: 0.069075, r_tr_loss: 0.000000, elapsed_time: 1.342993
2024-08-06 14:51:22,602 - INFO - epoch: 0, itr: 133, nll_tr: 874.653809, x_tr_loss: 25.731831, a_tr_loss: 0.066671, r_tr_loss: 0.000000, elapsed_time: 1.328766
2024-08-06 14:51:24,074 - INFO - epoch: 0, itr: 134, nll_tr: 873.644165, x_tr_loss: 25.739471, a_tr_loss: 0.067453, r_tr_loss: 0.000000, elapsed_time: 1.472385
2024-08-06 14:51:26,185 - INFO - epoch: 0, itr: 135, nll_tr: 875.190918, x_tr_loss: 25.752722, a_tr_loss: 0.066859, r_tr_loss: 0.000000, elapsed_time: 2.110620
2024-08-06 14:51:27,503 - INFO - epoch: 0, itr: 136, nll_tr: 873.291504, x_tr_loss: 25.769526, a_tr_loss: 0.062270, r_tr_loss: 0.000000, elapsed_time: 1.318084
2024-08-06 14:51:28,795 - INFO - epoch: 0, itr: 137, nll_tr: 876.610596, x_tr_loss: 25.777979, a_tr_loss: 0.063610, r_tr_loss: 0.000000, elapsed_time: 1.291159
2024-08-06 14:51:30,034 - INFO - epoch: 0, itr: 138, nll_tr: 879.124146, x_tr_loss: 25.788837, a_tr_loss: 0.060247, r_tr_loss: 0.000000, elapsed_time: 1.237546
2024-08-06 14:51:31,530 - INFO - epoch: 0, itr: 139, nll_tr: 871.201538, x_tr_loss: 25.806509, a_tr_loss: 0.063231, r_tr_loss: 0.000000, elapsed_time: 1.496228
2024-08-06 14:51:32,930 - INFO - epoch: 0, itr: 140, nll_tr: 869.753357, x_tr_loss: 25.827032, a_tr_loss: 0.058438, r_tr_loss: 0.000000, elapsed_time: 1.399050
2024-08-06 14:51:34,429 - INFO - epoch: 0, itr: 141, nll_tr: 868.465942, x_tr_loss: 25.849155, a_tr_loss: 0.063811, r_tr_loss: 0.000000, elapsed_time: 1.498328
2024-08-06 14:51:36,291 - INFO - epoch: 0, itr: 142, nll_tr: 864.116455, x_tr_loss: 25.874577, a_tr_loss: 0.062210, r_tr_loss: 0.000000, elapsed_time: 1.862151
2024-08-06 14:51:38,097 - INFO - epoch: 0, itr: 143, nll_tr: 862.518555, x_tr_loss: 25.896591, a_tr_loss: 0.055974, r_tr_loss: 0.000000, elapsed_time: 1.805466
2024-08-06 14:51:39,746 - INFO - epoch: 0, itr: 144, nll_tr: 860.393494, x_tr_loss: 25.916960, a_tr_loss: 0.063635, r_tr_loss: 0.000000, elapsed_time: 1.647941
2024-08-06 14:51:41,771 - INFO - epoch: 0, itr: 145, nll_tr: 864.962219, x_tr_loss: 25.946198, a_tr_loss: 0.061996, r_tr_loss: 0.000000, elapsed_time: 2.022744
2024-08-06 14:51:43,456 - INFO - epoch: 0, itr: 146, nll_tr: 866.001770, x_tr_loss: 25.978918, a_tr_loss: 0.060543, r_tr_loss: 0.000000, elapsed_time: 1.685534
2024-08-06 14:51:45,755 - INFO - epoch: 0, itr: 147, nll_tr: 864.747375, x_tr_loss: 26.013910, a_tr_loss: 0.059069, r_tr_loss: 0.000000, elapsed_time: 2.299172
2024-08-06 14:51:47,285 - INFO - epoch: 0, itr: 148, nll_tr: 858.958252, x_tr_loss: 26.047216, a_tr_loss: 0.062220, r_tr_loss: 0.000000, elapsed_time: 1.529428
2024-08-06 14:51:49,160 - INFO - epoch: 0, itr: 149, nll_tr: 854.730286, x_tr_loss: 26.079620, a_tr_loss: 0.056863, r_tr_loss: 0.000000, elapsed_time: 1.874855
2024-08-06 14:51:50,482 - INFO - epoch: 0, itr: 150, nll_tr: 850.265198, x_tr_loss: 26.101324, a_tr_loss: 0.058800, r_tr_loss: 0.000000, elapsed_time: 1.321950
2024-08-06 14:51:51,918 - INFO - epoch: 0, itr: 151, nll_tr: 852.411682, x_tr_loss: 26.120050, a_tr_loss: 0.059635, r_tr_loss: 0.000000, elapsed_time: 1.434982
2024-08-06 14:51:53,242 - INFO - epoch: 0, itr: 152, nll_tr: 857.152161, x_tr_loss: 26.144688, a_tr_loss: 0.057236, r_tr_loss: 0.000000, elapsed_time: 1.323895
2024-08-06 14:51:54,817 - INFO - epoch: 0, itr: 153, nll_tr: 850.441895, x_tr_loss: 26.179663, a_tr_loss: 0.058405, r_tr_loss: 0.000000, elapsed_time: 1.573990
2024-08-06 14:51:56,342 - INFO - epoch: 0, itr: 154, nll_tr: 846.986023, x_tr_loss: 26.209970, a_tr_loss: 0.057878, r_tr_loss: 0.000000, elapsed_time: 1.523847
2024-08-06 14:51:57,802 - INFO - epoch: 0, itr: 155, nll_tr: 845.011169, x_tr_loss: 26.233946, a_tr_loss: 0.056456, r_tr_loss: 0.000000, elapsed_time: 1.460595
2024-08-06 14:51:59,171 - INFO - epoch: 0, itr: 156, nll_tr: 847.591248, x_tr_loss: 26.258169, a_tr_loss: 0.059404, r_tr_loss: 0.000000, elapsed_time: 1.367120
2024-08-06 14:52:01,100 - INFO - epoch: 0, itr: 157, nll_tr: 842.780029, x_tr_loss: 26.273737, a_tr_loss: 0.057699, r_tr_loss: 0.000000, elapsed_time: 1.929476
2024-08-06 14:52:02,453 - INFO - epoch: 0, itr: 158, nll_tr: 844.378967, x_tr_loss: 26.295515, a_tr_loss: 0.058233, r_tr_loss: 0.000000, elapsed_time: 1.351750
2024-08-06 14:52:04,345 - INFO - epoch: 0, itr: 159, nll_tr: 840.112122, x_tr_loss: 26.329315, a_tr_loss: 0.055520, r_tr_loss: 0.000000, elapsed_time: 1.892511
2024-08-06 14:52:06,125 - INFO - epoch: 0, itr: 160, nll_tr: 838.272705, x_tr_loss: 26.366348, a_tr_loss: 0.056620, r_tr_loss: 0.000000, elapsed_time: 1.778760
2024-08-06 14:52:07,557 - INFO - epoch: 0, itr: 161, nll_tr: 834.568359, x_tr_loss: 26.389811, a_tr_loss: 0.056431, r_tr_loss: 0.000000, elapsed_time: 1.429756
2024-08-06 14:52:09,018 - INFO - epoch: 0, itr: 162, nll_tr: 829.581726, x_tr_loss: 26.395069, a_tr_loss: 0.056271, r_tr_loss: 0.000000, elapsed_time: 1.461276
2024-08-06 14:52:10,402 - INFO - epoch: 0, itr: 163, nll_tr: 836.026550, x_tr_loss: 26.405121, a_tr_loss: 0.054827, r_tr_loss: 0.000000, elapsed_time: 1.384150
2024-08-06 14:52:12,302 - INFO - epoch: 0, itr: 164, nll_tr: 829.099487, x_tr_loss: 26.424845, a_tr_loss: 0.058167, r_tr_loss: 0.000000, elapsed_time: 1.899813
2024-08-06 14:52:13,563 - INFO - epoch: 0, itr: 165, nll_tr: 826.914368, x_tr_loss: 26.448669, a_tr_loss: 0.055944, r_tr_loss: 0.000000, elapsed_time: 1.261106
2024-08-06 14:52:14,945 - INFO - epoch: 0, itr: 166, nll_tr: 827.782227, x_tr_loss: 26.479673, a_tr_loss: 0.053613, r_tr_loss: 0.000000, elapsed_time: 1.382134
2024-08-06 14:52:16,395 - INFO - epoch: 0, itr: 167, nll_tr: 825.452881, x_tr_loss: 26.520832, a_tr_loss: 0.056614, r_tr_loss: 0.000000, elapsed_time: 1.449359
2024-08-06 14:52:18,113 - INFO - epoch: 0, itr: 168, nll_tr: 817.781128, x_tr_loss: 26.562071, a_tr_loss: 0.057895, r_tr_loss: 0.000000, elapsed_time: 1.717488
2024-08-06 14:52:19,575 - INFO - epoch: 0, itr: 169, nll_tr: 823.410034, x_tr_loss: 26.598898, a_tr_loss: 0.051613, r_tr_loss: 0.000000, elapsed_time: 1.461120
2024-08-06 14:52:21,192 - INFO - epoch: 0, itr: 170, nll_tr: 820.575073, x_tr_loss: 26.630537, a_tr_loss: 0.051688, r_tr_loss: 0.000000, elapsed_time: 1.617210
2024-08-06 14:52:22,986 - INFO - epoch: 0, itr: 171, nll_tr: 811.554260, x_tr_loss: 26.689493, a_tr_loss: 0.051406, r_tr_loss: 0.000000, elapsed_time: 1.793565
2024-08-06 14:52:24,519 - INFO - epoch: 0, itr: 172, nll_tr: 815.946777, x_tr_loss: 26.746500, a_tr_loss: 0.054291, r_tr_loss: 0.000000, elapsed_time: 1.532508
2024-08-06 14:52:26,062 - INFO - epoch: 0, itr: 173, nll_tr: 811.923950, x_tr_loss: 26.795973, a_tr_loss: 0.053237, r_tr_loss: 0.000000, elapsed_time: 1.541911
2024-08-06 14:52:27,901 - INFO - epoch: 0, itr: 174, nll_tr: 810.701965, x_tr_loss: 26.828562, a_tr_loss: 0.056366, r_tr_loss: 0.000000, elapsed_time: 1.837840
2024-08-06 14:52:29,308 - INFO - epoch: 0, itr: 175, nll_tr: 807.539978, x_tr_loss: 26.866978, a_tr_loss: 0.055481, r_tr_loss: 0.000000, elapsed_time: 1.406752
2024-08-06 14:52:30,835 - INFO - epoch: 0, itr: 176, nll_tr: 803.420898, x_tr_loss: 26.897711, a_tr_loss: 0.055746, r_tr_loss: 0.000000, elapsed_time: 1.527831
2024-08-06 14:52:32,744 - INFO - epoch: 0, itr: 177, nll_tr: 806.844238, x_tr_loss: 26.923544, a_tr_loss: 0.055807, r_tr_loss: 0.000000, elapsed_time: 1.908147
2024-08-06 14:52:34,683 - INFO - epoch: 0, itr: 178, nll_tr: 799.626892, x_tr_loss: 26.966938, a_tr_loss: 0.050175, r_tr_loss: 0.000000, elapsed_time: 1.938914
2024-08-06 14:52:36,186 - INFO - epoch: 0, itr: 179, nll_tr: 799.816101, x_tr_loss: 27.007917, a_tr_loss: 0.049649, r_tr_loss: 0.000000, elapsed_time: 1.502443
2024-08-06 14:52:37,711 - INFO - epoch: 0, itr: 180, nll_tr: 796.820435, x_tr_loss: 27.045355, a_tr_loss: 0.053383, r_tr_loss: 0.000000, elapsed_time: 1.524520
2024-08-06 14:52:39,186 - INFO - epoch: 0, itr: 181, nll_tr: 794.340271, x_tr_loss: 27.066916, a_tr_loss: 0.045730, r_tr_loss: 0.000000, elapsed_time: 1.474797
2024-08-06 14:52:41,197 - INFO - epoch: 0, itr: 182, nll_tr: 792.729980, x_tr_loss: 27.079853, a_tr_loss: 0.053473, r_tr_loss: 0.000000, elapsed_time: 2.010840
2024-08-06 14:52:42,556 - INFO - epoch: 0, itr: 183, nll_tr: 787.822937, x_tr_loss: 27.131922, a_tr_loss: 0.054150, r_tr_loss: 0.000000, elapsed_time: 1.359296
2024-08-06 14:52:44,094 - INFO - epoch: 0, itr: 184, nll_tr: 783.463745, x_tr_loss: 27.178068, a_tr_loss: 0.052903, r_tr_loss: 0.000000, elapsed_time: 1.537446
2024-08-06 14:52:45,491 - INFO - epoch: 0, itr: 185, nll_tr: 783.478210, x_tr_loss: 27.206015, a_tr_loss: 0.049274, r_tr_loss: 0.000000, elapsed_time: 1.396281
2024-08-06 14:52:46,811 - INFO - epoch: 0, itr: 186, nll_tr: 783.515442, x_tr_loss: 27.236542, a_tr_loss: 0.050451, r_tr_loss: 0.000000, elapsed_time: 1.320396
2024-08-06 14:52:48,149 - INFO - epoch: 0, itr: 187, nll_tr: 776.303589, x_tr_loss: 27.268530, a_tr_loss: 0.051350, r_tr_loss: 0.000000, elapsed_time: 1.336878
2024-08-06 14:52:49,466 - INFO - epoch: 0, itr: 188, nll_tr: 774.411194, x_tr_loss: 27.289713, a_tr_loss: 0.050264, r_tr_loss: 0.000000, elapsed_time: 1.317214
2024-08-06 14:52:50,816 - INFO - epoch: 0, itr: 189, nll_tr: 773.378906, x_tr_loss: 27.309818, a_tr_loss: 0.052383, r_tr_loss: 0.000000, elapsed_time: 1.349195
2024-08-06 14:52:52,053 - INFO - epoch: 0, itr: 190, nll_tr: 772.769592, x_tr_loss: 27.327948, a_tr_loss: 0.051961, r_tr_loss: 0.000000, elapsed_time: 1.236362
2024-08-06 14:52:53,613 - INFO - epoch: 0, itr: 191, nll_tr: 771.843567, x_tr_loss: 27.346247, a_tr_loss: 0.048704, r_tr_loss: 0.000000, elapsed_time: 1.558767
2024-08-06 14:52:54,898 - INFO - epoch: 0, itr: 192, nll_tr: 764.683533, x_tr_loss: 27.371347, a_tr_loss: 0.050671, r_tr_loss: 0.000000, elapsed_time: 1.283834
2024-08-06 14:52:56,200 - INFO - epoch: 0, itr: 193, nll_tr: 764.431396, x_tr_loss: 27.405838, a_tr_loss: 0.050275, r_tr_loss: 0.000000, elapsed_time: 1.300949
2024-08-06 14:52:57,723 - INFO - epoch: 0, itr: 194, nll_tr: 763.868408, x_tr_loss: 27.436930, a_tr_loss: 0.053224, r_tr_loss: 0.000000, elapsed_time: 1.522733
2024-08-06 14:52:59,147 - INFO - epoch: 0, itr: 195, nll_tr: 760.187378, x_tr_loss: 27.470280, a_tr_loss: 0.050132, r_tr_loss: 0.000000, elapsed_time: 1.423649
2024-08-06 14:53:00,727 - INFO - epoch: 0, itr: 196, nll_tr: 758.041565, x_tr_loss: 27.513554, a_tr_loss: 0.055298, r_tr_loss: 0.000000, elapsed_time: 1.579075
2024-08-06 14:53:02,593 - INFO - epoch: 0, itr: 197, nll_tr: 763.614075, x_tr_loss: 27.561207, a_tr_loss: 0.048485, r_tr_loss: 0.000000, elapsed_time: 1.865218
2024-08-06 14:53:04,264 - INFO - epoch: 0, itr: 198, nll_tr: 756.346863, x_tr_loss: 27.611923, a_tr_loss: 0.052854, r_tr_loss: 0.000000, elapsed_time: 1.669313
2024-08-06 14:53:05,667 - INFO - epoch: 0, itr: 199, nll_tr: 756.216553, x_tr_loss: 27.662235, a_tr_loss: 0.047319, r_tr_loss: 0.000000, elapsed_time: 1.402833
2024-08-06 14:53:07,201 - INFO - epoch: 0, itr: 200, nll_tr: 756.671021, x_tr_loss: 27.718374, a_tr_loss: 0.049322, r_tr_loss: 0.000000, elapsed_time: 1.532469
2024-08-06 14:53:08,672 - INFO - epoch: 0, itr: 201, nll_tr: 749.477905, x_tr_loss: 27.795835, a_tr_loss: 0.048361, r_tr_loss: 0.000000, elapsed_time: 1.470772
2024-08-06 14:53:10,339 - INFO - epoch: 0, itr: 202, nll_tr: 740.421509, x_tr_loss: 27.831202, a_tr_loss: 0.048449, r_tr_loss: 0.000000, elapsed_time: 1.665069
2024-08-06 14:53:12,029 - INFO - epoch: 0, itr: 203, nll_tr: 749.402466, x_tr_loss: 27.846304, a_tr_loss: 0.046900, r_tr_loss: 0.000000, elapsed_time: 1.690161
2024-08-06 14:53:13,486 - INFO - epoch: 0, itr: 204, nll_tr: 743.931763, x_tr_loss: 27.871710, a_tr_loss: 0.047935, r_tr_loss: 0.000000, elapsed_time: 1.456644
2024-08-06 14:53:14,880 - INFO - epoch: 0, itr: 205, nll_tr: 739.633850, x_tr_loss: 27.911428, a_tr_loss: 0.044972, r_tr_loss: 0.000000, elapsed_time: 1.393990
2024-08-06 14:53:17,035 - INFO - epoch: 0, itr: 206, nll_tr: 740.285095, x_tr_loss: 27.950409, a_tr_loss: 0.049317, r_tr_loss: 0.000000, elapsed_time: 2.153815
2024-08-06 14:53:18,497 - INFO - epoch: 0, itr: 207, nll_tr: 737.670288, x_tr_loss: 27.971525, a_tr_loss: 0.047748, r_tr_loss: 0.000000, elapsed_time: 1.461455
2024-08-06 14:53:20,273 - INFO - epoch: 0, itr: 208, nll_tr: 739.733337, x_tr_loss: 28.021734, a_tr_loss: 0.042411, r_tr_loss: 0.000000, elapsed_time: 1.775831
2024-08-06 14:53:22,415 - INFO - epoch: 0, itr: 209, nll_tr: 728.809998, x_tr_loss: 28.060581, a_tr_loss: 0.049894, r_tr_loss: 0.000000, elapsed_time: 2.141773
2024-08-06 14:53:23,897 - INFO - epoch: 0, itr: 210, nll_tr: 727.003357, x_tr_loss: 28.094147, a_tr_loss: 0.047016, r_tr_loss: 0.000000, elapsed_time: 1.482299
2024-08-06 14:53:25,255 - INFO - epoch: 0, itr: 211, nll_tr: 724.766113, x_tr_loss: 28.119696, a_tr_loss: 0.047531, r_tr_loss: 0.000000, elapsed_time: 1.358101
2024-08-06 14:53:26,450 - INFO - epoch: 0, itr: 212, nll_tr: 727.446228, x_tr_loss: 28.139404, a_tr_loss: 0.045763, r_tr_loss: 0.000000, elapsed_time: 1.194986
2024-08-06 14:53:27,690 - INFO - epoch: 0, itr: 213, nll_tr: 723.936035, x_tr_loss: 28.162800, a_tr_loss: 0.045429, r_tr_loss: 0.000000, elapsed_time: 1.238440
2024-08-06 14:53:29,017 - INFO - epoch: 0, itr: 214, nll_tr: 720.541199, x_tr_loss: 28.191803, a_tr_loss: 0.046774, r_tr_loss: 0.000000, elapsed_time: 1.327826
2024-08-06 14:53:30,235 - INFO - epoch: 0, itr: 215, nll_tr: 720.611389, x_tr_loss: 28.205908, a_tr_loss: 0.045844, r_tr_loss: 0.000000, elapsed_time: 1.216777
2024-08-06 14:53:32,150 - INFO - epoch: 0, itr: 216, nll_tr: 716.660767, x_tr_loss: 28.224731, a_tr_loss: 0.048686, r_tr_loss: 0.000000, elapsed_time: 1.915708
2024-08-06 14:53:34,054 - INFO - epoch: 0, itr: 217, nll_tr: 721.111267, x_tr_loss: 28.256927, a_tr_loss: 0.047260, r_tr_loss: 0.000000, elapsed_time: 1.903118
2024-08-06 14:53:35,653 - INFO - epoch: 0, itr: 218, nll_tr: 715.534607, x_tr_loss: 28.290634, a_tr_loss: 0.044628, r_tr_loss: 0.000000, elapsed_time: 1.599273
2024-08-06 14:53:37,286 - INFO - epoch: 0, itr: 219, nll_tr: 710.605103, x_tr_loss: 28.319859, a_tr_loss: 0.047168, r_tr_loss: 0.000000, elapsed_time: 1.633418
2024-08-06 14:53:38,639 - INFO - epoch: 0, itr: 220, nll_tr: 709.657654, x_tr_loss: 28.345530, a_tr_loss: 0.042065, r_tr_loss: 0.000000, elapsed_time: 1.352340
2024-08-06 14:53:40,080 - INFO - epoch: 0, itr: 221, nll_tr: 710.618225, x_tr_loss: 28.372761, a_tr_loss: 0.044684, r_tr_loss: 0.000000, elapsed_time: 1.441863
2024-08-06 14:53:41,400 - INFO - epoch: 0, itr: 222, nll_tr: 707.421021, x_tr_loss: 28.411240, a_tr_loss: 0.043978, r_tr_loss: 0.000000, elapsed_time: 1.319534
2024-08-06 14:53:42,686 - INFO - epoch: 0, itr: 223, nll_tr: 703.185059, x_tr_loss: 28.459614, a_tr_loss: 0.042449, r_tr_loss: 0.000000, elapsed_time: 1.285861
2024-08-06 14:53:43,982 - INFO - epoch: 0, itr: 224, nll_tr: 706.167114, x_tr_loss: 28.506727, a_tr_loss: 0.044096, r_tr_loss: 0.000000, elapsed_time: 1.296098
2024-08-06 14:53:45,264 - INFO - epoch: 0, itr: 225, nll_tr: 705.341492, x_tr_loss: 28.542456, a_tr_loss: 0.044285, r_tr_loss: 0.000000, elapsed_time: 1.281876
2024-08-06 14:53:46,998 - INFO - epoch: 0, itr: 226, nll_tr: 695.882019, x_tr_loss: 28.572119, a_tr_loss: 0.043891, r_tr_loss: 0.000000, elapsed_time: 1.733249
2024-08-06 14:53:48,446 - INFO - epoch: 0, itr: 227, nll_tr: 693.395874, x_tr_loss: 28.599176, a_tr_loss: 0.043826, r_tr_loss: 0.000000, elapsed_time: 1.448365
2024-08-06 14:53:49,752 - INFO - epoch: 0, itr: 228, nll_tr: 688.846802, x_tr_loss: 28.622726, a_tr_loss: 0.044599, r_tr_loss: 0.000000, elapsed_time: 1.305230
2024-08-06 14:53:51,543 - INFO - epoch: 0, itr: 229, nll_tr: 686.856567, x_tr_loss: 28.636932, a_tr_loss: 0.044753, r_tr_loss: 0.000000, elapsed_time: 1.790120
2024-08-06 14:53:52,944 - INFO - epoch: 0, itr: 230, nll_tr: 687.711670, x_tr_loss: 28.652927, a_tr_loss: 0.050523, r_tr_loss: 0.000000, elapsed_time: 1.401331
2024-08-06 14:53:54,422 - INFO - epoch: 0, itr: 231, nll_tr: 691.569092, x_tr_loss: 28.674147, a_tr_loss: 0.047575, r_tr_loss: 0.000000, elapsed_time: 1.476740
2024-08-06 14:53:55,790 - INFO - epoch: 0, itr: 232, nll_tr: 681.855347, x_tr_loss: 28.697495, a_tr_loss: 0.043698, r_tr_loss: 0.000000, elapsed_time: 1.367757
2024-08-06 14:53:57,202 - INFO - epoch: 0, itr: 233, nll_tr: 690.964905, x_tr_loss: 28.737091, a_tr_loss: 0.044856, r_tr_loss: 0.000000, elapsed_time: 1.412019
2024-08-06 14:53:58,650 - INFO - epoch: 0, itr: 234, nll_tr: 679.702209, x_tr_loss: 28.754425, a_tr_loss: 0.044261, r_tr_loss: 0.000000, elapsed_time: 1.447451
2024-08-06 14:53:59,992 - INFO - epoch: 0, itr: 235, nll_tr: 680.169861, x_tr_loss: 28.750486, a_tr_loss: 0.039953, r_tr_loss: 0.000000, elapsed_time: 1.342397
2024-08-06 14:54:01,478 - INFO - epoch: 0, itr: 236, nll_tr: 679.009644, x_tr_loss: 28.765497, a_tr_loss: 0.043333, r_tr_loss: 0.000000, elapsed_time: 1.485103
2024-08-06 14:54:02,848 - INFO - epoch: 0, itr: 237, nll_tr: 671.949463, x_tr_loss: 28.779394, a_tr_loss: 0.046058, r_tr_loss: 0.000000, elapsed_time: 1.368497
2024-08-06 14:54:04,204 - INFO - epoch: 0, itr: 238, nll_tr: 674.755554, x_tr_loss: 28.792540, a_tr_loss: 0.044810, r_tr_loss: 0.000000, elapsed_time: 1.356757
2024-08-06 14:54:05,678 - INFO - epoch: 0, itr: 239, nll_tr: 677.818115, x_tr_loss: 28.815800, a_tr_loss: 0.042959, r_tr_loss: 0.000000, elapsed_time: 1.472784
2024-08-06 14:54:07,167 - INFO - epoch: 0, itr: 240, nll_tr: 671.520081, x_tr_loss: 28.844009, a_tr_loss: 0.040374, r_tr_loss: 0.000000, elapsed_time: 1.488524
2024-08-06 14:54:08,608 - INFO - epoch: 0, itr: 241, nll_tr: 672.492798, x_tr_loss: 28.867903, a_tr_loss: 0.048435, r_tr_loss: 0.000000, elapsed_time: 1.440249
2024-08-06 14:54:09,910 - INFO - epoch: 0, itr: 242, nll_tr: 667.296021, x_tr_loss: 28.897150, a_tr_loss: 0.043771, r_tr_loss: 0.000000, elapsed_time: 1.302349
2024-08-06 14:54:11,224 - INFO - epoch: 0, itr: 243, nll_tr: 666.783020, x_tr_loss: 28.926588, a_tr_loss: 0.044373, r_tr_loss: 0.000000, elapsed_time: 1.312665
2024-08-06 14:54:12,505 - INFO - epoch: 0, itr: 244, nll_tr: 666.148865, x_tr_loss: 28.991352, a_tr_loss: 0.048105, r_tr_loss: 0.000000, elapsed_time: 1.281263
2024-08-06 14:54:13,858 - INFO - epoch: 0, itr: 245, nll_tr: 666.421326, x_tr_loss: 29.033606, a_tr_loss: 0.044765, r_tr_loss: 0.000000, elapsed_time: 1.351916
2024-08-06 14:54:15,185 - INFO - epoch: 0, itr: 246, nll_tr: 659.123108, x_tr_loss: 29.078827, a_tr_loss: 0.044179, r_tr_loss: 0.000000, elapsed_time: 1.326429
2024-08-06 14:54:16,621 - INFO - epoch: 0, itr: 247, nll_tr: 653.529358, x_tr_loss: 29.122025, a_tr_loss: 0.043445, r_tr_loss: 0.000000, elapsed_time: 1.436509
2024-08-06 14:54:17,955 - INFO - epoch: 0, itr: 248, nll_tr: 659.442810, x_tr_loss: 29.158667, a_tr_loss: 0.041583, r_tr_loss: 0.000000, elapsed_time: 1.333403
2024-08-06 14:54:19,487 - INFO - epoch: 0, itr: 249, nll_tr: 654.594604, x_tr_loss: 29.182266, a_tr_loss: 0.041279, r_tr_loss: 0.000000, elapsed_time: 1.532096
2024-08-06 14:54:20,978 - INFO - epoch: 0, itr: 250, nll_tr: 653.427734, x_tr_loss: 29.200794, a_tr_loss: 0.045030, r_tr_loss: 0.000000, elapsed_time: 1.489804
2024-08-06 14:54:22,763 - INFO - epoch: 0, itr: 251, nll_tr: 646.116882, x_tr_loss: 29.220093, a_tr_loss: 0.040017, r_tr_loss: 0.000000, elapsed_time: 1.784817
2024-08-06 14:54:24,119 - INFO - epoch: 0, itr: 252, nll_tr: 651.881165, x_tr_loss: 29.244831, a_tr_loss: 0.042526, r_tr_loss: 0.000000, elapsed_time: 1.354881
2024-08-06 14:54:25,528 - INFO - epoch: 0, itr: 253, nll_tr: 644.983765, x_tr_loss: 29.269892, a_tr_loss: 0.040659, r_tr_loss: 0.000000, elapsed_time: 1.408717
2024-08-06 14:54:26,976 - INFO - epoch: 0, itr: 254, nll_tr: 643.653687, x_tr_loss: 29.297674, a_tr_loss: 0.043146, r_tr_loss: 0.000000, elapsed_time: 1.445763
2024-08-06 14:54:28,501 - INFO - epoch: 0, itr: 255, nll_tr: 640.092651, x_tr_loss: 29.327707, a_tr_loss: 0.041467, r_tr_loss: 0.000000, elapsed_time: 1.525092
2024-08-06 14:54:29,937 - INFO - epoch: 0, itr: 256, nll_tr: 643.365479, x_tr_loss: 29.356159, a_tr_loss: 0.043826, r_tr_loss: 0.000000, elapsed_time: 1.435516
2024-08-06 14:54:31,352 - INFO - epoch: 0, itr: 257, nll_tr: 639.141357, x_tr_loss: 29.374954, a_tr_loss: 0.045656, r_tr_loss: 0.000000, elapsed_time: 1.414236
2024-08-06 14:54:32,650 - INFO - epoch: 0, itr: 258, nll_tr: 639.772827, x_tr_loss: 29.385761, a_tr_loss: 0.042917, r_tr_loss: 0.000000, elapsed_time: 1.297114
2024-08-06 14:54:33,974 - INFO - epoch: 0, itr: 259, nll_tr: 638.799805, x_tr_loss: 29.402897, a_tr_loss: 0.043551, r_tr_loss: 0.000000, elapsed_time: 1.322975
2024-08-06 14:54:35,248 - INFO - epoch: 0, itr: 260, nll_tr: 636.707214, x_tr_loss: 29.434576, a_tr_loss: 0.044383, r_tr_loss: 0.000000, elapsed_time: 1.273033
2024-08-06 14:54:36,638 - INFO - epoch: 0, itr: 261, nll_tr: 629.880005, x_tr_loss: 29.455976, a_tr_loss: 0.043167, r_tr_loss: 0.000000, elapsed_time: 1.388849
2024-08-06 14:54:38,005 - INFO - epoch: 0, itr: 262, nll_tr: 627.993103, x_tr_loss: 29.464323, a_tr_loss: 0.044352, r_tr_loss: 0.000000, elapsed_time: 1.366418
2024-08-06 14:54:39,512 - INFO - epoch: 0, itr: 263, nll_tr: 628.509888, x_tr_loss: 29.464727, a_tr_loss: 0.041891, r_tr_loss: 0.000000, elapsed_time: 1.506535
2024-08-06 14:54:40,987 - INFO - epoch: 0, itr: 264, nll_tr: 625.158447, x_tr_loss: 29.483137, a_tr_loss: 0.039581, r_tr_loss: 0.000000, elapsed_time: 1.473569
2024-08-06 14:54:42,402 - INFO - epoch: 0, itr: 265, nll_tr: 625.302185, x_tr_loss: 29.499500, a_tr_loss: 0.042531, r_tr_loss: 0.000000, elapsed_time: 1.414256
2024-08-06 14:54:44,711 - INFO - epoch: 0, itr: 266, nll_tr: 626.819946, x_tr_loss: 29.538507, a_tr_loss: 0.038813, r_tr_loss: 0.000000, elapsed_time: 2.307641
2024-08-06 14:54:46,406 - INFO - epoch: 0, itr: 267, nll_tr: 621.227356, x_tr_loss: 29.590641, a_tr_loss: 0.041589, r_tr_loss: 0.000000, elapsed_time: 1.695608
2024-08-06 14:54:47,734 - INFO - epoch: 0, itr: 268, nll_tr: 618.068970, x_tr_loss: 29.604956, a_tr_loss: 0.039712, r_tr_loss: 0.000000, elapsed_time: 1.326310
2024-08-06 14:54:48,947 - INFO - epoch: 0, itr: 269, nll_tr: 619.421082, x_tr_loss: 29.622892, a_tr_loss: 0.039530, r_tr_loss: 0.000000, elapsed_time: 1.212236
2024-08-06 14:54:50,215 - INFO - epoch: 0, itr: 270, nll_tr: 616.014465, x_tr_loss: 29.629261, a_tr_loss: 0.040001, r_tr_loss: 0.000000, elapsed_time: 1.268507
2024-08-06 14:54:51,627 - INFO - epoch: 0, itr: 271, nll_tr: 614.499939, x_tr_loss: 29.641413, a_tr_loss: 0.039866, r_tr_loss: 0.000000, elapsed_time: 1.411559
2024-08-06 14:54:53,051 - INFO - epoch: 0, itr: 272, nll_tr: 612.459473, x_tr_loss: 29.665400, a_tr_loss: 0.041415, r_tr_loss: 0.000000, elapsed_time: 1.423879
2024-08-06 14:54:54,322 - INFO - epoch: 0, itr: 273, nll_tr: 610.663818, x_tr_loss: 29.696003, a_tr_loss: 0.041071, r_tr_loss: 0.000000, elapsed_time: 1.270807
2024-08-06 14:54:55,679 - INFO - epoch: 0, itr: 274, nll_tr: 609.162537, x_tr_loss: 29.715826, a_tr_loss: 0.042357, r_tr_loss: 0.000000, elapsed_time: 1.356693
2024-08-06 14:54:57,022 - INFO - epoch: 0, itr: 275, nll_tr: 609.467285, x_tr_loss: 29.732700, a_tr_loss: 0.041434, r_tr_loss: 0.000000, elapsed_time: 1.341565
2024-08-06 14:54:58,483 - INFO - epoch: 0, itr: 276, nll_tr: 606.957458, x_tr_loss: 29.760630, a_tr_loss: 0.040802, r_tr_loss: 0.000000, elapsed_time: 1.461164
2024-08-06 14:54:59,950 - INFO - epoch: 0, itr: 277, nll_tr: 604.730225, x_tr_loss: 29.781355, a_tr_loss: 0.038853, r_tr_loss: 0.000000, elapsed_time: 1.466043
2024-08-06 14:55:01,370 - INFO - epoch: 0, itr: 278, nll_tr: 607.221741, x_tr_loss: 29.800074, a_tr_loss: 0.040272, r_tr_loss: 0.000000, elapsed_time: 1.419020
2024-08-06 14:55:02,837 - INFO - epoch: 0, itr: 279, nll_tr: 603.944885, x_tr_loss: 29.806452, a_tr_loss: 0.040211, r_tr_loss: 0.000000, elapsed_time: 1.467615
2024-08-06 14:55:04,125 - INFO - epoch: 0, itr: 280, nll_tr: 603.286865, x_tr_loss: 29.811396, a_tr_loss: 0.039883, r_tr_loss: 0.000000, elapsed_time: 1.288279
2024-08-06 14:55:05,449 - INFO - epoch: 0, itr: 281, nll_tr: 599.747681, x_tr_loss: 29.805033, a_tr_loss: 0.043532, r_tr_loss: 0.000000, elapsed_time: 1.321068
2024-08-06 14:55:06,710 - INFO - epoch: 0, itr: 282, nll_tr: 598.084961, x_tr_loss: 29.813566, a_tr_loss: 0.045575, r_tr_loss: 0.000000, elapsed_time: 1.261854
2024-08-06 14:55:08,190 - INFO - epoch: 0, itr: 283, nll_tr: 594.099976, x_tr_loss: 29.850996, a_tr_loss: 0.043898, r_tr_loss: 0.000000, elapsed_time: 1.479073
2024-08-06 14:55:09,448 - INFO - epoch: 0, itr: 284, nll_tr: 598.045227, x_tr_loss: 29.851591, a_tr_loss: 0.043401, r_tr_loss: 0.000000, elapsed_time: 1.258008
2024-08-06 14:55:10,641 - INFO - epoch: 0, itr: 285, nll_tr: 591.032410, x_tr_loss: 29.844873, a_tr_loss: 0.041754, r_tr_loss: 0.000000, elapsed_time: 1.192165
2024-08-06 14:55:11,897 - INFO - epoch: 0, itr: 286, nll_tr: 596.679749, x_tr_loss: 29.815619, a_tr_loss: 0.041744, r_tr_loss: 0.000000, elapsed_time: 1.256036
2024-08-06 14:55:13,117 - INFO - epoch: 0, itr: 287, nll_tr: 592.434631, x_tr_loss: 29.824080, a_tr_loss: 0.041667, r_tr_loss: 0.000000, elapsed_time: 1.220410
2024-08-06 14:55:14,313 - INFO - epoch: 0, itr: 288, nll_tr: 584.308105, x_tr_loss: 29.859724, a_tr_loss: 0.040939, r_tr_loss: 0.000000, elapsed_time: 1.195729
2024-08-06 14:55:15,573 - INFO - epoch: 0, itr: 289, nll_tr: 592.263672, x_tr_loss: 29.894581, a_tr_loss: 0.042912, r_tr_loss: 0.000000, elapsed_time: 1.260030
2024-08-06 14:55:17,017 - INFO - epoch: 0, itr: 290, nll_tr: 585.294312, x_tr_loss: 29.914707, a_tr_loss: 0.040716, r_tr_loss: 0.000000, elapsed_time: 1.442669
2024-08-06 14:55:18,279 - INFO - epoch: 0, itr: 291, nll_tr: 583.094604, x_tr_loss: 29.923298, a_tr_loss: 0.037342, r_tr_loss: 0.000000, elapsed_time: 1.261738
2024-08-06 14:55:19,539 - INFO - epoch: 0, itr: 292, nll_tr: 579.146179, x_tr_loss: 29.928242, a_tr_loss: 0.042113, r_tr_loss: 0.000000, elapsed_time: 1.259649
2024-08-06 14:55:20,929 - INFO - epoch: 0, itr: 293, nll_tr: 580.243774, x_tr_loss: 29.950689, a_tr_loss: 0.038473, r_tr_loss: 0.000000, elapsed_time: 1.390491
2024-08-06 14:55:22,272 - INFO - epoch: 0, itr: 294, nll_tr: 575.966309, x_tr_loss: 29.956242, a_tr_loss: 0.040195, r_tr_loss: 0.000000, elapsed_time: 1.341156
2024-08-06 14:55:23,490 - INFO - epoch: 0, itr: 295, nll_tr: 577.735291, x_tr_loss: 29.956446, a_tr_loss: 0.040582, r_tr_loss: 0.000000, elapsed_time: 1.218693
2024-08-06 14:55:24,707 - INFO - epoch: 0, itr: 296, nll_tr: 575.990295, x_tr_loss: 29.963034, a_tr_loss: 0.037711, r_tr_loss: 0.000000, elapsed_time: 1.215890
2024-08-06 14:55:25,988 - INFO - epoch: 0, itr: 297, nll_tr: 573.968384, x_tr_loss: 29.990248, a_tr_loss: 0.038190, r_tr_loss: 0.000000, elapsed_time: 1.280663
2024-08-06 14:55:27,893 - INFO - epoch: 0, itr: 298, nll_tr: 573.759521, x_tr_loss: 30.037739, a_tr_loss: 0.042097, r_tr_loss: 0.000000, elapsed_time: 1.904127
2024-08-06 14:55:29,465 - INFO - epoch: 0, itr: 299, nll_tr: 568.837097, x_tr_loss: 30.089142, a_tr_loss: 0.039395, r_tr_loss: 0.000000, elapsed_time: 1.571840
2024-08-06 14:55:30,741 - INFO - epoch: 0, itr: 300, nll_tr: 569.262024, x_tr_loss: 30.118464, a_tr_loss: 0.043194, r_tr_loss: 0.000000, elapsed_time: 1.275772
2024-08-06 14:55:31,951 - INFO - epoch: 0, itr: 301, nll_tr: 574.442627, x_tr_loss: 30.135084, a_tr_loss: 0.041015, r_tr_loss: 0.000000, elapsed_time: 1.209517
2024-08-06 14:55:33,141 - INFO - epoch: 0, itr: 302, nll_tr: 567.201172, x_tr_loss: 30.147654, a_tr_loss: 0.040633, r_tr_loss: 0.000000, elapsed_time: 1.189755
2024-08-06 14:55:34,437 - INFO - epoch: 0, itr: 303, nll_tr: 562.955322, x_tr_loss: 30.151972, a_tr_loss: 0.039580, r_tr_loss: 0.000000, elapsed_time: 1.294979
2024-08-06 14:55:35,832 - INFO - epoch: 0, itr: 304, nll_tr: 560.335083, x_tr_loss: 30.158609, a_tr_loss: 0.040882, r_tr_loss: 0.000000, elapsed_time: 1.394107
2024-08-06 14:55:37,183 - INFO - epoch: 0, itr: 305, nll_tr: 557.452148, x_tr_loss: 30.165277, a_tr_loss: 0.036572, r_tr_loss: 0.000000, elapsed_time: 1.351042
2024-08-06 14:55:38,518 - INFO - epoch: 0, itr: 306, nll_tr: 559.809753, x_tr_loss: 30.168341, a_tr_loss: 0.039640, r_tr_loss: 0.000000, elapsed_time: 1.334211
2024-08-06 14:55:39,758 - INFO - epoch: 0, itr: 307, nll_tr: 558.721069, x_tr_loss: 30.157553, a_tr_loss: 0.040945, r_tr_loss: 0.000000, elapsed_time: 1.239631
2024-08-06 14:55:40,974 - INFO - epoch: 0, itr: 308, nll_tr: 559.000366, x_tr_loss: 30.175596, a_tr_loss: 0.041282, r_tr_loss: 0.000000, elapsed_time: 1.214790
2024-08-06 14:55:42,157 - INFO - epoch: 0, itr: 309, nll_tr: 562.711853, x_tr_loss: 30.197889, a_tr_loss: 0.039815, r_tr_loss: 0.000000, elapsed_time: 1.183044
2024-08-06 14:55:43,384 - INFO - epoch: 0, itr: 310, nll_tr: 553.650696, x_tr_loss: 30.188557, a_tr_loss: 0.037877, r_tr_loss: 0.000000, elapsed_time: 1.224519
2024-08-06 14:55:44,681 - INFO - epoch: 0, itr: 311, nll_tr: 554.546814, x_tr_loss: 30.180286, a_tr_loss: 0.040639, r_tr_loss: 0.000000, elapsed_time: 1.297618
2024-08-06 14:55:45,838 - INFO - epoch: 0, itr: 312, nll_tr: 553.315186, x_tr_loss: 30.191549, a_tr_loss: 0.039450, r_tr_loss: 0.000000, elapsed_time: 1.156243
2024-08-06 14:55:47,010 - INFO - epoch: 0, itr: 313, nll_tr: 552.235229, x_tr_loss: 30.200418, a_tr_loss: 0.040389, r_tr_loss: 0.000000, elapsed_time: 1.171046
2024-08-06 14:55:48,147 - INFO - epoch: 0, itr: 314, nll_tr: 548.760620, x_tr_loss: 30.226694, a_tr_loss: 0.039222, r_tr_loss: 0.000000, elapsed_time: 1.135055
2024-08-06 14:55:49,310 - INFO - epoch: 0, itr: 315, nll_tr: 545.554565, x_tr_loss: 30.241943, a_tr_loss: 0.036810, r_tr_loss: 0.000000, elapsed_time: 1.163422
2024-08-06 14:55:50,438 - INFO - epoch: 0, itr: 316, nll_tr: 552.046204, x_tr_loss: 30.273041, a_tr_loss: 0.040111, r_tr_loss: 0.000000, elapsed_time: 1.126628
2024-08-06 14:55:51,827 - INFO - epoch: 0, itr: 317, nll_tr: 542.261475, x_tr_loss: 30.295187, a_tr_loss: 0.036890, r_tr_loss: 0.000000, elapsed_time: 1.389178
2024-08-06 14:55:53,283 - INFO - epoch: 0, itr: 318, nll_tr: 540.564209, x_tr_loss: 30.315561, a_tr_loss: 0.038545, r_tr_loss: 0.000000, elapsed_time: 1.454854
2024-08-06 14:55:54,638 - INFO - epoch: 0, itr: 319, nll_tr: 539.582703, x_tr_loss: 30.335165, a_tr_loss: 0.038854, r_tr_loss: 0.000000, elapsed_time: 1.354311
2024-08-06 14:55:55,979 - INFO - epoch: 0, itr: 320, nll_tr: 535.539856, x_tr_loss: 30.352045, a_tr_loss: 0.040993, r_tr_loss: 0.000000, elapsed_time: 1.341733
2024-08-06 14:55:57,395 - INFO - epoch: 0, itr: 321, nll_tr: 540.366943, x_tr_loss: 30.352362, a_tr_loss: 0.037290, r_tr_loss: 0.000000, elapsed_time: 1.415491
2024-08-06 14:55:58,775 - INFO - epoch: 0, itr: 322, nll_tr: 534.937622, x_tr_loss: 30.363653, a_tr_loss: 0.039787, r_tr_loss: 0.000000, elapsed_time: 1.378692
2024-08-06 14:56:00,087 - INFO - epoch: 0, itr: 323, nll_tr: 532.909851, x_tr_loss: 30.396154, a_tr_loss: 0.042053, r_tr_loss: 0.000000, elapsed_time: 1.311861
2024-08-06 14:56:01,389 - INFO - epoch: 0, itr: 324, nll_tr: 534.480957, x_tr_loss: 30.420719, a_tr_loss: 0.040717, r_tr_loss: 0.000000, elapsed_time: 1.300934
2024-08-06 14:56:02,721 - INFO - epoch: 0, itr: 325, nll_tr: 534.169128, x_tr_loss: 30.444868, a_tr_loss: 0.037088, r_tr_loss: 0.000000, elapsed_time: 1.330475
2024-08-06 14:56:03,994 - INFO - epoch: 0, itr: 326, nll_tr: 526.990906, x_tr_loss: 30.454390, a_tr_loss: 0.036974, r_tr_loss: 0.000000, elapsed_time: 1.271704
2024-08-06 14:56:05,497 - INFO - epoch: 0, itr: 327, nll_tr: 530.046021, x_tr_loss: 30.459455, a_tr_loss: 0.037505, r_tr_loss: 0.000000, elapsed_time: 1.503341
2024-08-06 14:56:06,835 - INFO - epoch: 0, itr: 328, nll_tr: 528.327393, x_tr_loss: 30.459930, a_tr_loss: 0.036064, r_tr_loss: 0.000000, elapsed_time: 1.337876
2024-08-06 14:56:08,185 - INFO - epoch: 0, itr: 329, nll_tr: 527.160950, x_tr_loss: 30.486319, a_tr_loss: 0.034876, r_tr_loss: 0.000000, elapsed_time: 1.348757
2024-08-06 14:56:09,516 - INFO - epoch: 0, itr: 330, nll_tr: 516.708374, x_tr_loss: 30.522449, a_tr_loss: 0.035510, r_tr_loss: 0.000000, elapsed_time: 1.330961
2024-08-06 14:56:10,712 - INFO - epoch: 0, itr: 331, nll_tr: 529.233398, x_tr_loss: 30.541147, a_tr_loss: 0.036737, r_tr_loss: 0.000000, elapsed_time: 1.194620
2024-08-06 14:56:12,118 - INFO - epoch: 0, itr: 332, nll_tr: 522.235962, x_tr_loss: 30.552505, a_tr_loss: 0.037219, r_tr_loss: 0.000000, elapsed_time: 1.404809
2024-08-06 14:56:13,183 - INFO - epoch: 0, itr: 333, nll_tr: 521.492554, x_tr_loss: 30.560175, a_tr_loss: 0.037368, r_tr_loss: 0.000000, elapsed_time: 1.064223
2024-08-06 14:56:14,334 - INFO - epoch: 0, itr: 334, nll_tr: 516.918518, x_tr_loss: 30.555161, a_tr_loss: 0.034917, r_tr_loss: 0.000000, elapsed_time: 1.150777
2024-08-06 14:56:15,685 - INFO - epoch: 0, itr: 335, nll_tr: 520.953796, x_tr_loss: 30.568205, a_tr_loss: 0.036780, r_tr_loss: 0.000000, elapsed_time: 1.349306
2024-08-06 14:56:17,744 - INFO - epoch: 0, itr: 336, nll_tr: 525.110046, x_tr_loss: 30.580412, a_tr_loss: 0.039061, r_tr_loss: 0.000000, elapsed_time: 2.059642
2024-08-06 14:56:18,974 - INFO - epoch: 0, itr: 337, nll_tr: 516.401367, x_tr_loss: 30.597296, a_tr_loss: 0.035503, r_tr_loss: 0.000000, elapsed_time: 1.229120
2024-08-06 14:56:20,270 - INFO - epoch: 0, itr: 338, nll_tr: 513.533142, x_tr_loss: 30.603308, a_tr_loss: 0.040311, r_tr_loss: 0.000000, elapsed_time: 1.295819
2024-08-06 14:56:21,616 - INFO - epoch: 0, itr: 339, nll_tr: 515.588501, x_tr_loss: 30.624857, a_tr_loss: 0.037463, r_tr_loss: 0.000000, elapsed_time: 1.345680
2024-08-06 14:56:23,909 - INFO - epoch: 0, itr: 340, nll_tr: 510.475403, x_tr_loss: 30.635813, a_tr_loss: 0.037732, r_tr_loss: 0.000000, elapsed_time: 2.293350
2024-08-06 14:56:25,141 - INFO - epoch: 0, itr: 341, nll_tr: 510.092468, x_tr_loss: 30.645575, a_tr_loss: 0.038374, r_tr_loss: 0.000000, elapsed_time: 1.230955
2024-08-06 14:56:26,860 - INFO - epoch: 0, itr: 342, nll_tr: 504.174133, x_tr_loss: 30.645792, a_tr_loss: 0.036367, r_tr_loss: 0.000000, elapsed_time: 1.719200
2024-08-06 14:56:28,116 - INFO - epoch: 0, itr: 343, nll_tr: 505.110138, x_tr_loss: 30.671356, a_tr_loss: 0.036640, r_tr_loss: 0.000000, elapsed_time: 1.255790
2024-08-06 14:56:29,284 - INFO - epoch: 0, itr: 344, nll_tr: 509.664093, x_tr_loss: 30.681189, a_tr_loss: 0.036815, r_tr_loss: 0.000000, elapsed_time: 1.165866
2024-08-06 14:56:31,335 - INFO - epoch: 0, itr: 345, nll_tr: 504.988861, x_tr_loss: 30.687214, a_tr_loss: 0.036773, r_tr_loss: 0.000000, elapsed_time: 2.051712
2024-08-06 14:56:32,538 - INFO - epoch: 0, itr: 346, nll_tr: 503.314636, x_tr_loss: 30.689976, a_tr_loss: 0.035518, r_tr_loss: 0.000000, elapsed_time: 1.202972
2024-08-06 14:56:33,754 - INFO - epoch: 0, itr: 347, nll_tr: 500.200134, x_tr_loss: 30.649267, a_tr_loss: 0.037941, r_tr_loss: 0.000000, elapsed_time: 1.214329
2024-08-06 14:56:34,932 - INFO - epoch: 0, itr: 348, nll_tr: 505.569519, x_tr_loss: 30.633392, a_tr_loss: 0.039195, r_tr_loss: 0.000000, elapsed_time: 1.177109
2024-08-06 14:56:36,031 - INFO - epoch: 0, itr: 349, nll_tr: 496.023163, x_tr_loss: 30.657698, a_tr_loss: 0.037203, r_tr_loss: 0.000000, elapsed_time: 1.097683
2024-08-06 14:56:37,293 - INFO - epoch: 0, itr: 350, nll_tr: 498.726318, x_tr_loss: 30.671875, a_tr_loss: 0.039251, r_tr_loss: 0.000000, elapsed_time: 1.262476
2024-08-06 14:56:38,586 - INFO - epoch: 0, itr: 351, nll_tr: 493.658905, x_tr_loss: 30.685957, a_tr_loss: 0.036864, r_tr_loss: 0.000000, elapsed_time: 1.293052
2024-08-06 14:56:39,727 - INFO - epoch: 0, itr: 352, nll_tr: 491.962280, x_tr_loss: 30.691742, a_tr_loss: 0.036855, r_tr_loss: 0.000000, elapsed_time: 1.140760
2024-08-06 14:56:40,799 - INFO - epoch: 0, itr: 353, nll_tr: 489.787048, x_tr_loss: 30.700388, a_tr_loss: 0.038304, r_tr_loss: 0.000000, elapsed_time: 1.071871
2024-08-06 14:56:41,870 - INFO - epoch: 0, itr: 354, nll_tr: 493.996857, x_tr_loss: 30.715057, a_tr_loss: 0.037491, r_tr_loss: 0.000000, elapsed_time: 1.070344
2024-08-06 14:56:42,947 - INFO - epoch: 0, itr: 355, nll_tr: 494.549316, x_tr_loss: 30.726974, a_tr_loss: 0.037039, r_tr_loss: 0.000000, elapsed_time: 1.077195
2024-08-06 14:56:44,086 - INFO - epoch: 0, itr: 356, nll_tr: 489.330139, x_tr_loss: 30.732794, a_tr_loss: 0.035564, r_tr_loss: 0.000000, elapsed_time: 1.138577
2024-08-06 14:56:45,255 - INFO - epoch: 0, itr: 357, nll_tr: 488.990082, x_tr_loss: 30.741007, a_tr_loss: 0.035195, r_tr_loss: 0.000000, elapsed_time: 1.167576
2024-08-06 14:56:46,282 - INFO - epoch: 0, itr: 358, nll_tr: 480.904663, x_tr_loss: 30.745258, a_tr_loss: 0.036941, r_tr_loss: 0.000000, elapsed_time: 1.026025
2024-08-06 14:56:47,278 - INFO - epoch: 0, itr: 359, nll_tr: 491.635254, x_tr_loss: 30.747694, a_tr_loss: 0.037119, r_tr_loss: 0.000000, elapsed_time: 0.996419
2024-08-06 14:56:48,563 - INFO - epoch: 0, itr: 360, nll_tr: 482.369904, x_tr_loss: 30.761419, a_tr_loss: 0.039120, r_tr_loss: 0.000000, elapsed_time: 1.285022
2024-08-06 14:56:49,747 - INFO - epoch: 0, itr: 361, nll_tr: 483.558990, x_tr_loss: 30.762411, a_tr_loss: 0.037078, r_tr_loss: 0.000000, elapsed_time: 1.183158
2024-08-06 14:56:51,066 - INFO - epoch: 0, itr: 362, nll_tr: 482.502838, x_tr_loss: 30.788630, a_tr_loss: 0.037400, r_tr_loss: 0.000000, elapsed_time: 1.318593
2024-08-06 14:56:52,369 - INFO - epoch: 0, itr: 363, nll_tr: 479.995514, x_tr_loss: 30.822296, a_tr_loss: 0.034075, r_tr_loss: 0.000000, elapsed_time: 1.303539
2024-08-06 14:56:54,225 - INFO - epoch: 0, itr: 364, nll_tr: 471.886322, x_tr_loss: 30.831961, a_tr_loss: 0.035170, r_tr_loss: 0.000000, elapsed_time: 1.856120
2024-08-06 14:56:55,600 - INFO - epoch: 0, itr: 365, nll_tr: 478.188080, x_tr_loss: 30.840260, a_tr_loss: 0.037842, r_tr_loss: 0.000000, elapsed_time: 1.374238
2024-08-06 14:56:56,820 - INFO - epoch: 0, itr: 366, nll_tr: 472.933228, x_tr_loss: 30.846222, a_tr_loss: 0.036660, r_tr_loss: 0.000000, elapsed_time: 1.220565
2024-08-06 14:56:58,066 - INFO - epoch: 0, itr: 367, nll_tr: 477.000214, x_tr_loss: 30.861271, a_tr_loss: 0.036981, r_tr_loss: 0.000000, elapsed_time: 1.245420
2024-08-06 14:56:59,207 - INFO - epoch: 0, itr: 368, nll_tr: 472.574707, x_tr_loss: 30.867414, a_tr_loss: 0.036210, r_tr_loss: 0.000000, elapsed_time: 1.141009
2024-08-06 14:57:00,461 - INFO - epoch: 0, itr: 369, nll_tr: 471.828003, x_tr_loss: 30.868998, a_tr_loss: 0.034655, r_tr_loss: 0.000000, elapsed_time: 1.254104
2024-08-06 14:57:01,881 - INFO - epoch: 0, itr: 370, nll_tr: 469.610046, x_tr_loss: 30.886164, a_tr_loss: 0.038082, r_tr_loss: 0.000000, elapsed_time: 1.419256
2024-08-06 14:57:03,397 - INFO - epoch: 0, itr: 371, nll_tr: 469.642548, x_tr_loss: 30.896118, a_tr_loss: 0.036354, r_tr_loss: 0.000000, elapsed_time: 1.515699
2024-08-06 14:57:05,099 - INFO - epoch: 0, itr: 372, nll_tr: 467.289093, x_tr_loss: 30.902130, a_tr_loss: 0.035650, r_tr_loss: 0.000000, elapsed_time: 1.701935
2024-08-06 14:57:06,480 - INFO - epoch: 0, itr: 373, nll_tr: 464.779724, x_tr_loss: 30.934019, a_tr_loss: 0.037953, r_tr_loss: 0.000000, elapsed_time: 1.380424
2024-08-06 14:57:07,842 - INFO - epoch: 0, itr: 374, nll_tr: 464.701294, x_tr_loss: 30.932056, a_tr_loss: 0.036187, r_tr_loss: 0.000000, elapsed_time: 1.361994
2024-08-06 14:57:09,161 - INFO - epoch: 0, itr: 375, nll_tr: 461.862030, x_tr_loss: 30.936579, a_tr_loss: 0.037968, r_tr_loss: 0.000000, elapsed_time: 1.317663
2024-08-06 14:57:10,690 - INFO - epoch: 0, itr: 376, nll_tr: 459.654236, x_tr_loss: 30.946945, a_tr_loss: 0.036826, r_tr_loss: 0.000000, elapsed_time: 1.528682
2024-08-06 14:57:12,111 - INFO - epoch: 0, itr: 377, nll_tr: 455.069916, x_tr_loss: 30.926172, a_tr_loss: 0.038766, r_tr_loss: 0.000000, elapsed_time: 1.421092
2024-08-06 14:57:13,329 - INFO - epoch: 0, itr: 378, nll_tr: 454.864227, x_tr_loss: 30.923157, a_tr_loss: 0.039765, r_tr_loss: 0.000000, elapsed_time: 1.218291
2024-08-06 14:57:14,610 - INFO - epoch: 0, itr: 379, nll_tr: 455.775635, x_tr_loss: 30.927341, a_tr_loss: 0.040455, r_tr_loss: 0.000000, elapsed_time: 1.280261
2024-08-06 14:57:15,857 - INFO - epoch: 0, itr: 380, nll_tr: 454.778534, x_tr_loss: 30.942926, a_tr_loss: 0.038411, r_tr_loss: 0.000000, elapsed_time: 1.245847
2024-08-06 14:57:17,407 - INFO - epoch: 0, itr: 381, nll_tr: 455.773315, x_tr_loss: 30.953436, a_tr_loss: 0.037578, r_tr_loss: 0.000000, elapsed_time: 1.549101
2024-08-06 14:57:18,787 - INFO - epoch: 0, itr: 382, nll_tr: 453.464508, x_tr_loss: 30.955488, a_tr_loss: 0.038096, r_tr_loss: 0.000000, elapsed_time: 1.379730
2024-08-06 14:57:20,127 - INFO - epoch: 0, itr: 383, nll_tr: 452.535156, x_tr_loss: 30.968653, a_tr_loss: 0.038794, r_tr_loss: 0.000000, elapsed_time: 1.340164
2024-08-06 14:57:21,422 - INFO - epoch: 0, itr: 384, nll_tr: 450.017029, x_tr_loss: 30.990309, a_tr_loss: 0.038839, r_tr_loss: 0.000000, elapsed_time: 1.294143
2024-08-06 14:57:22,545 - INFO - epoch: 0, itr: 385, nll_tr: 449.579437, x_tr_loss: 31.008249, a_tr_loss: 0.035036, r_tr_loss: 0.000000, elapsed_time: 1.122525
2024-08-06 14:57:23,810 - INFO - epoch: 0, itr: 386, nll_tr: 449.955170, x_tr_loss: 31.019062, a_tr_loss: 0.037087, r_tr_loss: 0.000000, elapsed_time: 1.265322
2024-08-06 14:57:25,064 - INFO - epoch: 0, itr: 387, nll_tr: 453.886810, x_tr_loss: 31.062204, a_tr_loss: 0.038491, r_tr_loss: 0.000000, elapsed_time: 1.253640
2024-08-06 14:57:26,324 - INFO - epoch: 0, itr: 388, nll_tr: 448.911469, x_tr_loss: 31.068588, a_tr_loss: 0.035598, r_tr_loss: 0.000000, elapsed_time: 1.259053
2024-08-06 14:57:27,647 - INFO - epoch: 0, itr: 389, nll_tr: 444.442017, x_tr_loss: 31.075987, a_tr_loss: 0.037722, r_tr_loss: 0.000000, elapsed_time: 1.321739
2024-08-06 14:57:28,846 - INFO - epoch: 0, itr: 390, nll_tr: 442.488617, x_tr_loss: 31.084101, a_tr_loss: 0.035942, r_tr_loss: 0.000000, elapsed_time: 1.199396
2024-08-06 14:57:30,095 - INFO - epoch: 0, itr: 391, nll_tr: 444.208954, x_tr_loss: 31.089996, a_tr_loss: 0.036099, r_tr_loss: 0.000000, elapsed_time: 1.248132
2024-08-06 14:57:31,494 - INFO - epoch: 0, itr: 392, nll_tr: 444.233521, x_tr_loss: 31.074472, a_tr_loss: 0.036216, r_tr_loss: 0.000000, elapsed_time: 1.398595
2024-08-06 14:57:32,798 - INFO - epoch: 0, itr: 393, nll_tr: 440.030518, x_tr_loss: 31.045401, a_tr_loss: 0.036282, r_tr_loss: 0.000000, elapsed_time: 1.303634
2024-08-06 14:57:34,032 - INFO - epoch: 0, itr: 394, nll_tr: 435.622253, x_tr_loss: 31.057178, a_tr_loss: 0.039019, r_tr_loss: 0.000000, elapsed_time: 1.232775
2024-08-06 14:57:35,401 - INFO - epoch: 0, itr: 395, nll_tr: 433.429993, x_tr_loss: 31.078003, a_tr_loss: 0.036265, r_tr_loss: 0.000000, elapsed_time: 1.369011
2024-08-06 14:57:36,775 - INFO - epoch: 0, itr: 396, nll_tr: 437.963623, x_tr_loss: 31.069452, a_tr_loss: 0.037356, r_tr_loss: 0.000000, elapsed_time: 1.373210
2024-08-06 14:57:38,048 - INFO - epoch: 0, itr: 397, nll_tr: 436.282288, x_tr_loss: 31.047306, a_tr_loss: 0.037432, r_tr_loss: 0.000000, elapsed_time: 1.272369
2024-08-06 14:57:39,280 - INFO - epoch: 0, itr: 398, nll_tr: 426.701050, x_tr_loss: 31.057112, a_tr_loss: 0.037725, r_tr_loss: 0.000000, elapsed_time: 1.231485
2024-08-06 14:57:40,393 - INFO - epoch: 0, itr: 399, nll_tr: 443.475830, x_tr_loss: 31.067984, a_tr_loss: 0.035683, r_tr_loss: 0.000000, elapsed_time: 1.111312
2024-08-06 14:57:41,554 - INFO - epoch: 0, itr: 400, nll_tr: 430.102783, x_tr_loss: 31.078964, a_tr_loss: 0.038330, r_tr_loss: 0.000000, elapsed_time: 1.161800
2024-08-06 14:57:42,928 - INFO - epoch: 0, itr: 401, nll_tr: 428.737305, x_tr_loss: 31.071415, a_tr_loss: 0.037184, r_tr_loss: 0.000000, elapsed_time: 1.373223
2024-08-06 14:57:44,116 - INFO - epoch: 0, itr: 402, nll_tr: 429.416473, x_tr_loss: 31.101074, a_tr_loss: 0.037498, r_tr_loss: 0.000000, elapsed_time: 1.187731
2024-08-06 14:57:45,214 - INFO - epoch: 0, itr: 403, nll_tr: 429.437134, x_tr_loss: 31.151907, a_tr_loss: 0.035076, r_tr_loss: 0.000000, elapsed_time: 1.098014
2024-08-06 14:57:46,273 - INFO - epoch: 0, itr: 404, nll_tr: 419.691254, x_tr_loss: 31.168171, a_tr_loss: 0.036304, r_tr_loss: 0.000000, elapsed_time: 1.058669
2024-08-06 14:57:47,396 - INFO - epoch: 0, itr: 405, nll_tr: 421.456146, x_tr_loss: 31.177759, a_tr_loss: 0.035943, r_tr_loss: 0.000000, elapsed_time: 1.123399
2024-08-06 14:57:48,538 - INFO - epoch: 0, itr: 406, nll_tr: 422.439758, x_tr_loss: 31.183247, a_tr_loss: 0.037034, r_tr_loss: 0.000000, elapsed_time: 1.141518
2024-08-06 14:57:49,763 - INFO - epoch: 0, itr: 407, nll_tr: 420.531036, x_tr_loss: 31.181208, a_tr_loss: 0.036579, r_tr_loss: 0.000000, elapsed_time: 1.223969
2024-08-06 14:57:50,920 - INFO - epoch: 0, itr: 408, nll_tr: 424.180603, x_tr_loss: 31.184278, a_tr_loss: 0.036433, r_tr_loss: 0.000000, elapsed_time: 1.157014
2024-08-06 14:57:52,068 - INFO - epoch: 0, itr: 409, nll_tr: 420.477478, x_tr_loss: 31.174707, a_tr_loss: 0.035371, r_tr_loss: 0.000000, elapsed_time: 1.147543
2024-08-06 14:57:53,410 - INFO - epoch: 0, itr: 410, nll_tr: 419.233307, x_tr_loss: 31.175877, a_tr_loss: 0.036482, r_tr_loss: 0.000000, elapsed_time: 1.342850
2024-08-06 14:57:54,497 - INFO - epoch: 0, itr: 411, nll_tr: 421.696625, x_tr_loss: 31.186188, a_tr_loss: 0.038449, r_tr_loss: 0.000000, elapsed_time: 1.085881
2024-08-06 14:57:55,635 - INFO - epoch: 0, itr: 412, nll_tr: 424.685303, x_tr_loss: 31.196827, a_tr_loss: 0.038233, r_tr_loss: 0.000000, elapsed_time: 1.136364
2024-08-06 14:57:56,776 - INFO - epoch: 0, itr: 413, nll_tr: 414.602448, x_tr_loss: 31.194742, a_tr_loss: 0.036618, r_tr_loss: 0.000000, elapsed_time: 1.141309
2024-08-06 14:57:57,991 - INFO - epoch: 0, itr: 414, nll_tr: 415.663269, x_tr_loss: 31.209623, a_tr_loss: 0.036333, r_tr_loss: 0.000000, elapsed_time: 1.215552
2024-08-06 14:57:59,134 - INFO - epoch: 0, itr: 415, nll_tr: 410.491272, x_tr_loss: 31.225439, a_tr_loss: 0.037203, r_tr_loss: 0.000000, elapsed_time: 1.142337
2024-08-06 14:58:00,250 - INFO - epoch: 0, itr: 416, nll_tr: 410.641693, x_tr_loss: 31.237989, a_tr_loss: 0.036436, r_tr_loss: 0.000000, elapsed_time: 1.114297
2024-08-06 14:58:01,514 - INFO - epoch: 0, itr: 417, nll_tr: 412.147034, x_tr_loss: 31.247496, a_tr_loss: 0.036974, r_tr_loss: 0.000000, elapsed_time: 1.264521
2024-08-06 14:58:02,650 - INFO - epoch: 0, itr: 418, nll_tr: 411.255066, x_tr_loss: 31.255217, a_tr_loss: 0.033557, r_tr_loss: 0.000000, elapsed_time: 1.135796
2024-08-06 14:58:03,819 - INFO - epoch: 0, itr: 419, nll_tr: 406.126556, x_tr_loss: 31.261198, a_tr_loss: 0.036481, r_tr_loss: 0.000000, elapsed_time: 1.168645
2024-08-06 14:58:04,942 - INFO - epoch: 0, itr: 420, nll_tr: 409.801147, x_tr_loss: 31.265757, a_tr_loss: 0.036853, r_tr_loss: 0.000000, elapsed_time: 1.123546
2024-08-06 14:58:06,040 - INFO - epoch: 0, itr: 421, nll_tr: 405.457977, x_tr_loss: 31.272552, a_tr_loss: 0.036046, r_tr_loss: 0.000000, elapsed_time: 1.097882
2024-08-06 14:58:07,215 - INFO - epoch: 0, itr: 422, nll_tr: 407.107330, x_tr_loss: 31.274237, a_tr_loss: 0.037339, r_tr_loss: 0.000000, elapsed_time: 1.173729
2024-08-06 14:58:08,412 - INFO - epoch: 0, itr: 423, nll_tr: 409.900269, x_tr_loss: 31.276594, a_tr_loss: 0.037780, r_tr_loss: 0.000000, elapsed_time: 1.196930
2024-08-06 14:58:09,603 - INFO - epoch: 0, itr: 424, nll_tr: 402.374542, x_tr_loss: 31.284790, a_tr_loss: 0.037512, r_tr_loss: 0.000000, elapsed_time: 1.191343
2024-08-06 14:58:10,929 - INFO - epoch: 0, itr: 425, nll_tr: 405.812805, x_tr_loss: 31.290327, a_tr_loss: 0.036025, r_tr_loss: 0.000000, elapsed_time: 1.325876
2024-08-06 14:58:12,417 - INFO - epoch: 0, itr: 426, nll_tr: 408.567566, x_tr_loss: 31.292929, a_tr_loss: 0.038069, r_tr_loss: 0.000000, elapsed_time: 1.488444
2024-08-06 14:58:14,172 - INFO - epoch: 0, itr: 427, nll_tr: 401.497162, x_tr_loss: 31.293364, a_tr_loss: 0.037474, r_tr_loss: 0.000000, elapsed_time: 1.753722
2024-08-06 14:58:15,490 - INFO - epoch: 0, itr: 428, nll_tr: 392.719208, x_tr_loss: 31.297735, a_tr_loss: 0.036080, r_tr_loss: 0.000000, elapsed_time: 1.318019
2024-08-06 14:58:16,851 - INFO - epoch: 0, itr: 429, nll_tr: 393.630127, x_tr_loss: 31.292480, a_tr_loss: 0.036467, r_tr_loss: 0.000000, elapsed_time: 1.360437
2024-08-06 14:58:18,135 - INFO - epoch: 0, itr: 430, nll_tr: 397.060883, x_tr_loss: 31.273289, a_tr_loss: 0.036089, r_tr_loss: 0.000000, elapsed_time: 1.283113
2024-08-06 14:58:19,875 - INFO - epoch: 0, itr: 431, nll_tr: 392.628204, x_tr_loss: 31.292761, a_tr_loss: 0.036662, r_tr_loss: 0.000000, elapsed_time: 1.739776
2024-08-06 14:58:22,311 - INFO - epoch: 0, itr: 432, nll_tr: 395.896881, x_tr_loss: 31.302832, a_tr_loss: 0.041168, r_tr_loss: 0.000000, elapsed_time: 2.435327
2024-08-06 14:58:23,579 - INFO - epoch: 0, itr: 433, nll_tr: 389.755646, x_tr_loss: 31.315088, a_tr_loss: 0.038899, r_tr_loss: 0.000000, elapsed_time: 1.267376
2024-08-06 14:58:24,958 - INFO - epoch: 0, itr: 434, nll_tr: 393.563843, x_tr_loss: 31.320480, a_tr_loss: 0.037781, r_tr_loss: 0.000000, elapsed_time: 1.378368
2024-08-06 14:58:26,296 - INFO - epoch: 0, itr: 435, nll_tr: 389.283325, x_tr_loss: 31.321753, a_tr_loss: 0.035462, r_tr_loss: 0.000000, elapsed_time: 1.336780
2024-08-06 14:58:27,718 - INFO - epoch: 0, itr: 436, nll_tr: 385.589996, x_tr_loss: 31.319687, a_tr_loss: 0.034954, r_tr_loss: 0.000000, elapsed_time: 1.422567
2024-08-06 14:58:29,012 - INFO - epoch: 0, itr: 437, nll_tr: 390.184998, x_tr_loss: 31.319986, a_tr_loss: 0.035977, r_tr_loss: 0.000000, elapsed_time: 1.292542
2024-08-06 14:58:30,260 - INFO - epoch: 0, itr: 438, nll_tr: 382.398376, x_tr_loss: 31.318207, a_tr_loss: 0.038562, r_tr_loss: 0.000000, elapsed_time: 1.248037
2024-08-06 14:58:31,466 - INFO - epoch: 0, itr: 439, nll_tr: 386.513733, x_tr_loss: 31.317358, a_tr_loss: 0.036898, r_tr_loss: 0.000000, elapsed_time: 1.206014
2024-08-06 14:58:32,537 - INFO - epoch: 0, itr: 440, nll_tr: 381.040131, x_tr_loss: 31.321304, a_tr_loss: 0.039559, r_tr_loss: 0.000000, elapsed_time: 1.071048
2024-08-06 14:58:33,684 - INFO - epoch: 0, itr: 441, nll_tr: 380.063049, x_tr_loss: 31.341562, a_tr_loss: 0.036555, r_tr_loss: 0.000000, elapsed_time: 1.146559
2024-08-06 14:58:35,025 - INFO - epoch: 0, itr: 442, nll_tr: 383.716858, x_tr_loss: 31.355284, a_tr_loss: 0.035984, r_tr_loss: 0.000000, elapsed_time: 1.340647
2024-08-06 14:58:36,184 - INFO - epoch: 0, itr: 443, nll_tr: 381.461945, x_tr_loss: 31.360260, a_tr_loss: 0.035210, r_tr_loss: 0.000000, elapsed_time: 1.158564
2024-08-06 14:58:37,653 - INFO - epoch: 0, itr: 444, nll_tr: 378.344177, x_tr_loss: 31.362427, a_tr_loss: 0.035614, r_tr_loss: 0.000000, elapsed_time: 1.469391
2024-08-06 14:58:39,350 - INFO - epoch: 0, itr: 445, nll_tr: 373.934845, x_tr_loss: 31.363020, a_tr_loss: 0.036736, r_tr_loss: 0.000000, elapsed_time: 1.696457
2024-08-06 14:58:40,528 - INFO - epoch: 0, itr: 446, nll_tr: 373.939392, x_tr_loss: 31.357115, a_tr_loss: 0.037339, r_tr_loss: 0.000000, elapsed_time: 1.175632
2024-08-06 14:58:41,770 - INFO - epoch: 0, itr: 447, nll_tr: 376.404053, x_tr_loss: 31.333771, a_tr_loss: 0.038110, r_tr_loss: 0.000000, elapsed_time: 1.242184
2024-08-06 14:58:42,901 - INFO - epoch: 0, itr: 448, nll_tr: 375.821167, x_tr_loss: 31.312178, a_tr_loss: 0.034581, r_tr_loss: 0.000000, elapsed_time: 1.130604
2024-08-06 14:58:45,217 - INFO - epoch: 0, itr: 449, nll_tr: 372.714996, x_tr_loss: 31.323399, a_tr_loss: 0.035868, r_tr_loss: 0.000000, elapsed_time: 2.314413
2024-08-06 14:58:47,736 - INFO - epoch: 0, itr: 450, nll_tr: 371.793396, x_tr_loss: 31.327595, a_tr_loss: 0.034476, r_tr_loss: 0.000000, elapsed_time: 2.519365
2024-08-06 14:58:48,943 - INFO - epoch: 0, itr: 451, nll_tr: 372.955536, x_tr_loss: 31.325378, a_tr_loss: 0.035324, r_tr_loss: 0.000000, elapsed_time: 1.206048
2024-08-06 14:58:50,162 - INFO - epoch: 0, itr: 452, nll_tr: 371.076996, x_tr_loss: 31.339508, a_tr_loss: 0.039051, r_tr_loss: 0.000000, elapsed_time: 1.218109
2024-08-06 14:58:51,372 - INFO - epoch: 0, itr: 453, nll_tr: 369.523224, x_tr_loss: 31.333906, a_tr_loss: 0.036348, r_tr_loss: 0.000000, elapsed_time: 1.209120
2024-08-06 14:58:52,444 - INFO - epoch: 0, itr: 454, nll_tr: 370.049042, x_tr_loss: 31.359039, a_tr_loss: 0.040257, r_tr_loss: 0.000000, elapsed_time: 1.072682
2024-08-06 14:58:53,515 - INFO - epoch: 0, itr: 455, nll_tr: 364.587341, x_tr_loss: 31.383142, a_tr_loss: 0.038578, r_tr_loss: 0.000000, elapsed_time: 1.069794
2024-08-06 14:58:54,585 - INFO - epoch: 0, itr: 456, nll_tr: 369.124298, x_tr_loss: 31.389652, a_tr_loss: 0.034025, r_tr_loss: 0.000000, elapsed_time: 1.070514
2024-08-06 14:58:55,693 - INFO - epoch: 0, itr: 457, nll_tr: 361.786438, x_tr_loss: 31.396866, a_tr_loss: 0.034671, r_tr_loss: 0.000000, elapsed_time: 1.107732
2024-08-06 14:58:56,877 - INFO - epoch: 0, itr: 458, nll_tr: 364.080475, x_tr_loss: 31.398960, a_tr_loss: 0.034226, r_tr_loss: 0.000000, elapsed_time: 1.184268
2024-08-06 14:58:58,419 - INFO - epoch: 0, itr: 459, nll_tr: 365.885132, x_tr_loss: 31.405745, a_tr_loss: 0.034327, r_tr_loss: 0.000000, elapsed_time: 1.542264
2024-08-06 14:58:59,778 - INFO - epoch: 0, itr: 460, nll_tr: 361.594330, x_tr_loss: 31.397505, a_tr_loss: 0.035062, r_tr_loss: 0.000000, elapsed_time: 1.358578
2024-08-06 14:59:01,255 - INFO - epoch: 0, itr: 461, nll_tr: 364.903503, x_tr_loss: 31.399240, a_tr_loss: 0.036703, r_tr_loss: 0.000000, elapsed_time: 1.476335
2024-08-06 14:59:02,895 - INFO - epoch: 0, itr: 462, nll_tr: 357.983154, x_tr_loss: 31.409281, a_tr_loss: 0.035321, r_tr_loss: 0.000000, elapsed_time: 1.638256
2024-08-06 14:59:04,350 - INFO - epoch: 0, itr: 463, nll_tr: 358.351837, x_tr_loss: 31.409668, a_tr_loss: 0.037439, r_tr_loss: 0.000000, elapsed_time: 1.454669
2024-08-06 14:59:05,845 - INFO - epoch: 0, itr: 464, nll_tr: 356.203491, x_tr_loss: 31.410049, a_tr_loss: 0.035624, r_tr_loss: 0.000000, elapsed_time: 1.494096
2024-08-06 14:59:07,769 - INFO - epoch: 0, itr: 465, nll_tr: 357.048462, x_tr_loss: 31.393194, a_tr_loss: 0.037839, r_tr_loss: 0.000000, elapsed_time: 1.923953
2024-08-06 14:59:10,228 - INFO - epoch: 0, itr: 466, nll_tr: 351.300842, x_tr_loss: 31.387720, a_tr_loss: 0.033680, r_tr_loss: 0.000000, elapsed_time: 2.458395
2024-08-06 14:59:12,990 - INFO - epoch: 0, itr: 467, nll_tr: 351.650177, x_tr_loss: 31.347239, a_tr_loss: 0.034938, r_tr_loss: 0.000000, elapsed_time: 2.762266
2024-08-06 14:59:14,963 - INFO - epoch: 0, itr: 468, nll_tr: 352.578949, x_tr_loss: 31.310913, a_tr_loss: 0.039789, r_tr_loss: 0.000000, elapsed_time: 1.972907
2024-08-06 14:59:18,344 - INFO - epoch: 0, itr: 469, nll_tr: 355.013794, x_tr_loss: 31.323643, a_tr_loss: 0.035069, r_tr_loss: 0.000000, elapsed_time: 3.380634
2024-08-06 14:59:19,763 - INFO - epoch: 0, itr: 470, nll_tr: 350.825348, x_tr_loss: 31.339893, a_tr_loss: 0.038961, r_tr_loss: 0.000000, elapsed_time: 1.418725
2024-08-06 14:59:21,408 - INFO - epoch: 0, itr: 471, nll_tr: 345.604889, x_tr_loss: 31.359083, a_tr_loss: 0.036141, r_tr_loss: 0.000000, elapsed_time: 1.644415
2024-08-06 14:59:22,982 - INFO - epoch: 0, itr: 472, nll_tr: 349.125824, x_tr_loss: 31.364380, a_tr_loss: 0.036480, r_tr_loss: 0.000000, elapsed_time: 1.574018
2024-08-06 14:59:25,140 - INFO - epoch: 0, itr: 473, nll_tr: 388.412933, x_tr_loss: 31.355000, a_tr_loss: 0.037898, r_tr_loss: 0.000000, elapsed_time: 2.158202
2024-08-06 14:59:26,815 - INFO - epoch: 0, itr: 474, nll_tr: 341.402893, x_tr_loss: 31.351713, a_tr_loss: 0.036413, r_tr_loss: 0.000000, elapsed_time: 1.674334
2024-08-06 14:59:28,292 - INFO - epoch: 0, itr: 475, nll_tr: 349.017365, x_tr_loss: 31.344498, a_tr_loss: 0.037001, r_tr_loss: 0.000000, elapsed_time: 1.477076
