2024-08-08 10:17:38,291 - WARNING - From .\rewards_vanilla_ac.py:25: dense (from tensorflow.python.layers.core) is deprecated and will be removed in a future version.
Instructions for updating:
Use keras.layers.dense instead.
2024-08-08 10:17:38,317 - WARNING - From C:\Users\aymen\miniconda3\envs\mm\lib\site-packages\tensorflow\python\framework\op_def_library.py:263: colocate_with (from tensorflow.python.framework.ops) is deprecated and will be removed in a future version.
Instructions for updating:
Colocations handled automatically by placer.
2024-08-08 10:17:38,395 - WARNING - From C:\Users\aymen\miniconda3\envs\mm\lib\site-packages\tensorflow\python\ops\math_ops.py:3066: to_int32 (from tensorflow.python.ops.math_ops) is deprecated and will be removed in a future version.
Instructions for updating:
Use tf.cast instead.
2024-08-08 10:17:38,813 - INFO - Episode: 0, Reward: 0.5321524967525442
2024-08-08 10:17:38,815 - INFO - Episode: 1, Reward: 0.477534835936568
2024-08-08 10:17:38,818 - INFO - Episode: 2, Reward: 0.40964437016713695
2024-08-08 10:17:38,821 - INFO - Episode: 3, Reward: 0.5374083192672662
2024-08-08 10:17:38,824 - INFO - Episode: 4, Reward: 0.4445276622862584
2024-08-08 10:17:38,827 - INFO - Episode: 5, Reward: 0.4863196665997714
2024-08-08 10:17:38,830 - INFO - Episode: 6, Reward: 0.4919153674734815
2024-08-08 10:17:38,832 - INFO - Episode: 7, Reward: 0.46541788632790115
2024-08-08 10:17:38,835 - INFO - Episode: 8, Reward: 0.47341125483421553
2024-08-08 10:17:38,837 - INFO - Episode: 9, Reward: 0.3619666558408005
2024-08-08 10:17:38,840 - INFO - Episode: 10, Reward: 0.4343796720066078
2024-08-08 10:17:38,843 - INFO - Episode: 11, Reward: 0.43736475376675366
2024-08-08 10:17:38,846 - INFO - Episode: 12, Reward: 0.4900274532958068
2024-08-08 10:17:38,848 - INFO - Episode: 13, Reward: 0.5567248778745041
2024-08-08 10:17:38,851 - INFO - Episode: 14, Reward: 0.5155749873553432
2024-08-08 10:17:38,855 - INFO - Episode: 15, Reward: 0.5269925467348278
2024-08-08 10:17:38,857 - INFO - Episode: 16, Reward: 0.5925963554003828
2024-08-08 10:17:38,861 - INFO - Episode: 17, Reward: 0.5935117686479023
2024-08-08 10:17:38,864 - INFO - Episode: 18, Reward: 0.4804478456705744
2024-08-08 10:17:38,866 - INFO - Episode: 19, Reward: 0.5194974886317837
2024-08-08 10:17:38,871 - INFO - Episode: 20, Reward: 0.4779160875774674
2024-08-08 10:17:38,874 - INFO - Episode: 21, Reward: 0.5285509452367947
2024-08-08 10:17:38,878 - INFO - Episode: 22, Reward: 0.5531217319199679
2024-08-08 10:17:38,881 - INFO - Episode: 23, Reward: 0.42575830649846647
2024-08-08 10:17:38,885 - INFO - Episode: 24, Reward: 0.49700965021049703
2024-08-08 10:17:38,888 - INFO - Episode: 25, Reward: 0.46513918590392866
2024-08-08 10:17:38,890 - INFO - Episode: 26, Reward: 0.5143003083817512
2024-08-08 10:17:38,893 - INFO - Episode: 27, Reward: 0.5340663528422204
2024-08-08 10:17:38,896 - INFO - Episode: 28, Reward: 0.4848218970256859
2024-08-08 10:17:38,899 - INFO - Episode: 29, Reward: 0.393888563586929
2024-08-08 10:17:38,901 - INFO - Episode: 30, Reward: 0.5288726339365184
2024-08-08 10:17:39,003 - INFO - Episode: 31, Reward: 0.4199230409731083
2024-08-08 10:17:39,023 - INFO - Episode: 32, Reward: 0.4677922936767227
2024-08-08 10:17:39,040 - INFO - Episode: 33, Reward: 0.49763868684985435
2024-08-08 10:17:39,056 - INFO - Episode: 34, Reward: 0.3806982682887323
2024-08-08 10:17:39,071 - INFO - Episode: 35, Reward: 0.5075698946283536
2024-08-08 10:17:39,089 - INFO - Episode: 36, Reward: 0.5114965840440588
2024-08-08 10:17:39,105 - INFO - Episode: 37, Reward: 0.5279248337931957
2024-08-08 10:17:39,122 - INFO - Episode: 38, Reward: 0.5298529430685296
2024-08-08 10:17:39,138 - INFO - Episode: 39, Reward: 0.5580166963053501
2024-08-08 10:17:39,153 - INFO - Episode: 40, Reward: 0.4313384507101592
2024-08-08 10:17:39,167 - INFO - Episode: 41, Reward: 0.48906332295413135
2024-08-08 10:17:39,181 - INFO - Episode: 42, Reward: 0.49705215844418205
2024-08-08 10:17:39,196 - INFO - Episode: 43, Reward: 0.5092425920891718
2024-08-08 10:17:39,212 - INFO - Episode: 44, Reward: 0.46200791184775186
2024-08-08 10:17:39,227 - INFO - Episode: 45, Reward: 0.49180789341628117
2024-08-08 10:17:39,241 - INFO - Episode: 46, Reward: 0.5385652506373442
2024-08-08 10:17:39,257 - INFO - Episode: 47, Reward: 0.48807214908032887
2024-08-08 10:17:39,273 - INFO - Episode: 48, Reward: 0.4326241416081401
2024-08-08 10:17:39,289 - INFO - Episode: 49, Reward: 0.5557286120421348
2024-08-08 10:17:39,372 - INFO - Episode: 50, Reward: 0.5638408309828973
2024-08-08 10:17:39,387 - INFO - Episode: 51, Reward: 0.5236675623764417
2024-08-08 10:17:39,404 - INFO - Episode: 52, Reward: 0.5343391196860048
2024-08-08 10:17:39,420 - INFO - Episode: 53, Reward: 0.49359685147680643
2024-08-08 10:17:39,436 - INFO - Episode: 54, Reward: 0.48084104450741416
2024-08-08 10:17:39,451 - INFO - Episode: 55, Reward: 0.40680972099573254
2024-08-08 10:17:39,467 - INFO - Episode: 56, Reward: 0.451572517371619
2024-08-08 10:17:39,481 - INFO - Episode: 57, Reward: 0.5259328440719999
2024-08-08 10:17:39,496 - INFO - Episode: 58, Reward: 0.4737594754894612
2024-08-08 10:17:39,513 - INFO - Episode: 59, Reward: 0.4541260534421492
2024-08-08 10:17:39,528 - INFO - Episode: 60, Reward: 0.5668410933501964
2024-08-08 10:17:39,543 - INFO - Episode: 61, Reward: 0.4194725129578155
2024-08-08 10:17:39,558 - INFO - Episode: 62, Reward: 0.545285226328367
2024-08-08 10:17:39,573 - INFO - Episode: 63, Reward: 0.5249789589854847
2024-08-08 10:17:39,588 - INFO - Episode: 64, Reward: 0.4366270477197974
2024-08-08 10:17:39,603 - INFO - Episode: 65, Reward: 0.3939980759006827
2024-08-08 10:17:39,619 - INFO - Episode: 66, Reward: 0.486215015337701
2024-08-08 10:17:39,634 - INFO - Episode: 67, Reward: 0.4555182987299231
2024-08-08 10:17:39,649 - INFO - Episode: 68, Reward: 0.5224019229960051
2024-08-08 10:17:39,663 - INFO - Episode: 69, Reward: 0.49018075618154905
2024-08-08 10:17:39,678 - INFO - Episode: 70, Reward: 0.5572148436689157
2024-08-08 10:17:39,693 - INFO - Episode: 71, Reward: 0.4692578504464553
2024-08-08 10:17:39,707 - INFO - Episode: 72, Reward: 0.4560981874331721
2024-08-08 10:17:39,722 - INFO - Episode: 73, Reward: 0.4604675286404297
2024-08-08 10:17:39,737 - INFO - Episode: 74, Reward: 0.6383666766596007
2024-08-08 10:17:39,751 - INFO - Episode: 75, Reward: 0.5133174307561236
2024-08-08 10:17:39,767 - INFO - Episode: 76, Reward: 0.44844980706813886
2024-08-08 10:17:39,782 - INFO - Episode: 77, Reward: 0.5011632988521676
2024-08-08 10:17:39,798 - INFO - Episode: 78, Reward: 0.44499262229763525
2024-08-08 10:17:39,813 - INFO - Episode: 79, Reward: 0.4282336379137394
2024-08-08 10:17:39,829 - INFO - Episode: 80, Reward: 0.5096443177606147
2024-08-08 10:17:39,846 - INFO - Episode: 81, Reward: 0.4959442325885048
2024-08-08 10:17:39,862 - INFO - Episode: 82, Reward: 0.5066184038065944
2024-08-08 10:17:39,877 - INFO - Episode: 83, Reward: 0.4824048361072266
2024-08-08 10:17:39,894 - INFO - Episode: 84, Reward: 0.5759218183795692
2024-08-08 10:17:39,910 - INFO - Episode: 85, Reward: 0.5025198432004659
2024-08-08 10:17:39,926 - INFO - Episode: 86, Reward: 0.49605286145350813
2024-08-08 10:17:39,942 - INFO - Episode: 87, Reward: 0.5330560777541158
2024-08-08 10:17:39,958 - INFO - Episode: 88, Reward: 0.5479945261208856
2024-08-08 10:17:39,973 - INFO - Episode: 89, Reward: 0.4318985689675502
2024-08-08 10:17:39,989 - INFO - Episode: 90, Reward: 0.5108471664283716
2024-08-08 10:17:40,005 - INFO - Episode: 91, Reward: 0.48880176539858966
2024-08-08 10:17:40,022 - INFO - Episode: 92, Reward: 0.4983975202236365
2024-08-08 10:17:40,038 - INFO - Episode: 93, Reward: 0.4548765565521099
2024-08-08 10:17:40,054 - INFO - Episode: 94, Reward: 0.4296499933780273
2024-08-08 10:17:40,070 - INFO - Episode: 95, Reward: 0.5169832785643198
2024-08-08 10:17:40,084 - INFO - Episode: 96, Reward: 0.5391088213314446
2024-08-08 10:17:40,100 - INFO - Episode: 97, Reward: 0.4911600183218018
2024-08-08 10:17:40,117 - INFO - Episode: 98, Reward: 0.4182714469166994
2024-08-08 10:17:40,132 - INFO - Episode: 99, Reward: 0.5398251361801432
2024-08-08 10:17:40,198 - INFO - Episode: 100, Reward: 0.4541669625942176
2024-08-08 10:17:40,214 - INFO - Episode: 101, Reward: 0.4697650278947335
2024-08-08 10:17:40,230 - INFO - Episode: 102, Reward: 0.45711327238240984
2024-08-08 10:17:40,246 - INFO - Episode: 103, Reward: 0.513277186971566
2024-08-08 10:17:40,260 - INFO - Episode: 104, Reward: 0.5286661681757507
2024-08-08 10:17:40,273 - INFO - Episode: 105, Reward: 0.41472116850016866
2024-08-08 10:17:40,287 - INFO - Episode: 106, Reward: 0.5464682675149931
2024-08-08 10:17:40,302 - INFO - Episode: 107, Reward: 0.536732813056464
2024-08-08 10:17:40,318 - INFO - Episode: 108, Reward: 0.5816780485625758
2024-08-08 10:17:40,333 - INFO - Episode: 109, Reward: 0.5481168649636831
2024-08-08 10:17:40,348 - INFO - Episode: 110, Reward: 0.503279741227932
2024-08-08 10:17:40,366 - INFO - Episode: 111, Reward: 0.544685056544862
2024-08-08 10:17:40,380 - INFO - Episode: 112, Reward: 0.4921655112027684
2024-08-08 10:17:40,394 - INFO - Episode: 113, Reward: 0.5692869645491104
2024-08-08 10:17:40,409 - INFO - Episode: 114, Reward: 0.4635660732908593
2024-08-08 10:17:40,423 - INFO - Episode: 115, Reward: 0.517306921047404
2024-08-08 10:17:40,439 - INFO - Episode: 116, Reward: 0.5252041902333158
2024-08-08 10:17:40,453 - INFO - Episode: 117, Reward: 0.5391445605974654
2024-08-08 10:17:40,470 - INFO - Episode: 118, Reward: 0.47175176984557826
2024-08-08 10:17:40,483 - INFO - Episode: 119, Reward: 0.48556925600239687
2024-08-08 10:17:40,497 - INFO - Episode: 120, Reward: 0.5513875716264002
2024-08-08 10:17:40,511 - INFO - Episode: 121, Reward: 0.46676237104503615
2024-08-08 10:17:40,526 - INFO - Episode: 122, Reward: 0.46376292783619777
2024-08-08 10:17:40,543 - INFO - Episode: 123, Reward: 0.5888560523017297
2024-08-08 10:17:40,558 - INFO - Episode: 124, Reward: 0.5187863769673005
2024-08-08 10:17:40,573 - INFO - Episode: 125, Reward: 0.5038780846114526
2024-08-08 10:17:40,587 - INFO - Episode: 126, Reward: 0.5254589632959373
2024-08-08 10:17:40,603 - INFO - Episode: 127, Reward: 0.5709154449469287
2024-08-08 10:17:40,618 - INFO - Episode: 128, Reward: 0.5305521114705634
2024-08-08 10:17:40,634 - INFO - Episode: 129, Reward: 0.4483776985799083
2024-08-08 10:17:40,650 - INFO - Episode: 130, Reward: 0.46529827260541795
2024-08-08 10:17:40,667 - INFO - Episode: 131, Reward: 0.6017245274013108
2024-08-08 10:17:40,682 - INFO - Episode: 132, Reward: 0.5034800839462595
2024-08-08 10:17:40,697 - INFO - Episode: 133, Reward: 0.5468499714175583
2024-08-08 10:17:40,712 - INFO - Episode: 134, Reward: 0.5110914457251913
2024-08-08 10:17:40,726 - INFO - Episode: 135, Reward: 0.5915191029895199
2024-08-08 10:17:40,741 - INFO - Episode: 136, Reward: 0.3857551243741023
2024-08-08 10:17:40,756 - INFO - Episode: 137, Reward: 0.559650072466595
2024-08-08 10:17:40,770 - INFO - Episode: 138, Reward: 0.43789902597900365
2024-08-08 10:17:40,784 - INFO - Episode: 139, Reward: 0.49535235744323874
2024-08-08 10:17:40,798 - INFO - Episode: 140, Reward: 0.5401494297149799
2024-08-08 10:17:40,813 - INFO - Episode: 141, Reward: 0.5036630196001184
2024-08-08 10:17:40,828 - INFO - Episode: 142, Reward: 0.520419450581445
2024-08-08 10:17:40,844 - INFO - Episode: 143, Reward: 0.6152821083240865
2024-08-08 10:17:40,859 - INFO - Episode: 144, Reward: 0.5150480685482832
2024-08-08 10:17:40,874 - INFO - Episode: 145, Reward: 0.4501406762456561
2024-08-08 10:17:40,889 - INFO - Episode: 146, Reward: 0.4618236608071055
2024-08-08 10:17:40,904 - INFO - Episode: 147, Reward: 0.4741257000821024
2024-08-08 10:17:40,921 - INFO - Episode: 148, Reward: 0.5590056744892238
2024-08-08 10:17:40,936 - INFO - Episode: 149, Reward: 0.4446993606725788
2024-08-08 10:17:41,004 - INFO - Episode: 150, Reward: 0.5329724903544202
2024-08-08 10:17:41,019 - INFO - Episode: 151, Reward: 0.41637677719612265
2024-08-08 10:17:41,034 - INFO - Episode: 152, Reward: 0.5244499199235764
2024-08-08 10:17:41,050 - INFO - Episode: 153, Reward: 0.5152401838603581
2024-08-08 10:17:41,064 - INFO - Episode: 154, Reward: 0.48661090082229375
2024-08-08 10:17:41,079 - INFO - Episode: 155, Reward: 0.46274199999831334
2024-08-08 10:17:41,094 - INFO - Episode: 156, Reward: 0.441584529102258
2024-08-08 10:17:41,109 - INFO - Episode: 157, Reward: 0.4788386495574914
2024-08-08 10:17:41,123 - INFO - Episode: 158, Reward: 0.4775540101061907
2024-08-08 10:17:41,137 - INFO - Episode: 159, Reward: 0.5283983854355663
2024-08-08 10:17:41,151 - INFO - Episode: 160, Reward: 0.5226213722054402
2024-08-08 10:17:41,165 - INFO - Episode: 161, Reward: 0.5231779160272392
2024-08-08 10:17:41,180 - INFO - Episode: 162, Reward: 0.46674170543588517
2024-08-08 10:17:41,194 - INFO - Episode: 163, Reward: 0.6100701279644376
2024-08-08 10:17:41,208 - INFO - Episode: 164, Reward: 0.5572530596775762
2024-08-08 10:17:41,223 - INFO - Episode: 165, Reward: 0.49869297277661073
2024-08-08 10:17:41,238 - INFO - Episode: 166, Reward: 0.4132499484126462
2024-08-08 10:17:41,253 - INFO - Episode: 167, Reward: 0.4840429646034836
2024-08-08 10:17:41,268 - INFO - Episode: 168, Reward: 0.5138139031517683
2024-08-08 10:17:41,281 - INFO - Episode: 169, Reward: 0.5340174728760669
2024-08-08 10:17:41,294 - INFO - Episode: 170, Reward: 0.46890638347151614
2024-08-08 10:17:41,310 - INFO - Episode: 171, Reward: 0.47632050306027024
2024-08-08 10:17:41,324 - INFO - Episode: 172, Reward: 0.5710504600257161
2024-08-08 10:17:41,338 - INFO - Episode: 173, Reward: 0.5733414833337893
2024-08-08 10:17:41,353 - INFO - Episode: 174, Reward: 0.5327500605442574
2024-08-08 10:17:41,367 - INFO - Episode: 175, Reward: 0.4428356906976235
2024-08-08 10:17:41,383 - INFO - Episode: 176, Reward: 0.5430268787310357
2024-08-08 10:17:41,398 - INFO - Episode: 177, Reward: 0.4449488474723875
2024-08-08 10:17:41,413 - INFO - Episode: 178, Reward: 0.5725491608761303
2024-08-08 10:17:41,427 - INFO - Episode: 179, Reward: 0.5870566857593479
2024-08-08 10:17:41,442 - INFO - Episode: 180, Reward: 0.38870395470995706
2024-08-08 10:17:41,459 - INFO - Episode: 181, Reward: 0.5211638203462778
2024-08-08 10:17:41,474 - INFO - Episode: 182, Reward: 0.49810886082550115
2024-08-08 10:17:41,490 - INFO - Episode: 183, Reward: 0.46961916250183866
2024-08-08 10:17:41,506 - INFO - Episode: 184, Reward: 0.543897598335483
2024-08-08 10:17:41,521 - INFO - Episode: 185, Reward: 0.4824848217319667
2024-08-08 10:17:41,535 - INFO - Episode: 186, Reward: 0.5122972855200754
2024-08-08 10:17:41,550 - INFO - Episode: 187, Reward: 0.46526966791300806
2024-08-08 10:17:41,565 - INFO - Episode: 188, Reward: 0.5493206900114296
2024-08-08 10:17:41,579 - INFO - Episode: 189, Reward: 0.48649974723973777
2024-08-08 10:17:41,593 - INFO - Episode: 190, Reward: 0.4998185217781628
2024-08-08 10:17:41,607 - INFO - Episode: 191, Reward: 0.5033603806547975
2024-08-08 10:17:41,621 - INFO - Episode: 192, Reward: 0.49703682681492056
2024-08-08 10:17:41,635 - INFO - Episode: 193, Reward: 0.5198311823450177
2024-08-08 10:17:41,650 - INFO - Episode: 194, Reward: 0.5437377682970397
2024-08-08 10:17:41,664 - INFO - Episode: 195, Reward: 0.5410504407600518
2024-08-08 10:17:41,679 - INFO - Episode: 196, Reward: 0.4741245462435849
2024-08-08 10:17:41,694 - INFO - Episode: 197, Reward: 0.5274737240560612
2024-08-08 10:17:41,709 - INFO - Episode: 198, Reward: 0.4504398630240515
2024-08-08 10:17:41,724 - INFO - Episode: 199, Reward: 0.5082721065653797
